{"/Users/msd/Desktop/senior project/toast/toast frontend/frontend/frontend/src/redux/actions.js": {"path":"/Users/msd/Desktop/senior project/toast/toast frontend/frontend/frontend/src/redux/actions.js","statementMap":{"0":{"start":{"line":2,"column":24},"end":{"line":5,"column":2}},"1":{"start":{"line":2,"column":36},"end":{"line":5,"column":1}},"2":{"start":{"line":7,"column":27},"end":{"line":10,"column":2}},"3":{"start":{"line":7,"column":42},"end":{"line":10,"column":1}},"4":{"start":{"line":12,"column":28},"end":{"line":14,"column":2}},"5":{"start":{"line":12,"column":35},"end":{"line":14,"column":1}},"6":{"start":{"line":16,"column":27},"end":{"line":18,"column":2}},"7":{"start":{"line":16,"column":34},"end":{"line":18,"column":1}},"8":{"start":{"line":20,"column":29},"end":{"line":22,"column":2}},"9":{"start":{"line":20,"column":36},"end":{"line":22,"column":1}},"10":{"start":{"line":24,"column":28},"end":{"line":26,"column":2}},"11":{"start":{"line":24,"column":35},"end":{"line":26,"column":1}},"12":{"start":{"line":28,"column":26},"end":{"line":30,"column":2}},"13":{"start":{"line":28,"column":33},"end":{"line":30,"column":1}},"14":{"start":{"line":32,"column":26},"end":{"line":35,"column":2}},"15":{"start":{"line":32,"column":40},"end":{"line":35,"column":1}},"16":{"start":{"line":38,"column":29},"end":{"line":40,"column":2}},"17":{"start":{"line":38,"column":36},"end":{"line":40,"column":1}},"18":{"start":{"line":42,"column":29},"end":{"line":44,"column":2}},"19":{"start":{"line":42,"column":36},"end":{"line":44,"column":1}},"20":{"start":{"line":46,"column":25},"end":{"line":48,"column":2}},"21":{"start":{"line":46,"column":32},"end":{"line":48,"column":1}},"22":{"start":{"line":50,"column":23},"end":{"line":53,"column":2}},"23":{"start":{"line":50,"column":34},"end":{"line":53,"column":1}},"24":{"start":{"line":55,"column":28},"end":{"line":58,"column":2}},"25":{"start":{"line":55,"column":44},"end":{"line":58,"column":1}},"26":{"start":{"line":60,"column":35},"end":{"line":62,"column":2}},"27":{"start":{"line":60,"column":42},"end":{"line":62,"column":1}},"28":{"start":{"line":65,"column":31},"end":{"line":68,"column":2}},"29":{"start":{"line":65,"column":54},"end":{"line":68,"column":1}},"30":{"start":{"line":70,"column":25},"end":{"line":73,"column":2}},"31":{"start":{"line":70,"column":38},"end":{"line":73,"column":1}},"32":{"start":{"line":75,"column":27},"end":{"line":78,"column":2}},"33":{"start":{"line":75,"column":39},"end":{"line":78,"column":1}},"34":{"start":{"line":80,"column":28},"end":{"line":82,"column":2}},"35":{"start":{"line":80,"column":40},"end":{"line":82,"column":1}},"36":{"start":{"line":85,"column":29},"end":{"line":88,"column":2}},"37":{"start":{"line":85,"column":52},"end":{"line":88,"column":1}},"38":{"start":{"line":90,"column":32},"end":{"line":93,"column":2}},"39":{"start":{"line":90,"column":62},"end":{"line":93,"column":1}},"40":{"start":{"line":95,"column":23},"end":{"line":98,"column":2}},"41":{"start":{"line":95,"column":40},"end":{"line":98,"column":1}},"42":{"start":{"line":100,"column":26},"end":{"line":103,"column":2}},"43":{"start":{"line":100,"column":42},"end":{"line":103,"column":1}},"44":{"start":{"line":105,"column":26},"end":{"line":107,"column":2}},"45":{"start":{"line":105,"column":38},"end":{"line":107,"column":1}},"46":{"start":{"line":111,"column":32},"end":{"line":114,"column":2}},"47":{"start":{"line":111,"column":55},"end":{"line":114,"column":1}},"48":{"start":{"line":116,"column":29},"end":{"line":118,"column":2}},"49":{"start":{"line":116,"column":36},"end":{"line":118,"column":1}},"50":{"start":{"line":122,"column":30},"end":{"line":125,"column":2}},"51":{"start":{"line":122,"column":53},"end":{"line":125,"column":1}},"52":{"start":{"line":127,"column":26},"end":{"line":130,"column":2}},"53":{"start":{"line":127,"column":46},"end":{"line":130,"column":1}},"54":{"start":{"line":132,"column":35},"end":{"line":135,"column":2}},"55":{"start":{"line":132,"column":65},"end":{"line":135,"column":1}},"56":{"start":{"line":137,"column":29},"end":{"line":140,"column":2}},"57":{"start":{"line":137,"column":45},"end":{"line":140,"column":1}},"58":{"start":{"line":142,"column":24},"end":{"line":145,"column":2}},"59":{"start":{"line":142,"column":42},"end":{"line":145,"column":1}},"60":{"start":{"line":147,"column":33},"end":{"line":150,"column":2}},"61":{"start":{"line":147,"column":63},"end":{"line":150,"column":1}},"62":{"start":{"line":152,"column":27},"end":{"line":155,"column":2}},"63":{"start":{"line":152,"column":43},"end":{"line":155,"column":1}},"64":{"start":{"line":157,"column":27},"end":{"line":159,"column":2}},"65":{"start":{"line":157,"column":39},"end":{"line":159,"column":1}},"66":{"start":{"line":162,"column":31},"end":{"line":165,"column":2}},"67":{"start":{"line":162,"column":54},"end":{"line":165,"column":1}},"68":{"start":{"line":167,"column":29},"end":{"line":170,"column":2}},"69":{"start":{"line":167,"column":41},"end":{"line":170,"column":1}},"70":{"start":{"line":172,"column":28},"end":{"line":174,"column":2}},"71":{"start":{"line":172,"column":35},"end":{"line":174,"column":1}},"72":{"start":{"line":178,"column":28},"end":{"line":181,"column":2}},"73":{"start":{"line":178,"column":51},"end":{"line":181,"column":1}},"74":{"start":{"line":183,"column":25},"end":{"line":185,"column":2}},"75":{"start":{"line":183,"column":32},"end":{"line":185,"column":1}},"76":{"start":{"line":187,"column":28},"end":{"line":189,"column":2}},"77":{"start":{"line":187,"column":35},"end":{"line":189,"column":1}},"78":{"start":{"line":193,"column":30},"end":{"line":196,"column":2}},"79":{"start":{"line":193,"column":48},"end":{"line":196,"column":1}},"80":{"start":{"line":198,"column":38},"end":{"line":201,"column":2}},"81":{"start":{"line":198,"column":68},"end":{"line":201,"column":1}},"82":{"start":{"line":203,"column":29},"end":{"line":206,"column":2}},"83":{"start":{"line":203,"column":52},"end":{"line":206,"column":1}},"84":{"start":{"line":208,"column":32},"end":{"line":211,"column":2}},"85":{"start":{"line":208,"column":48},"end":{"line":211,"column":1}},"86":{"start":{"line":213,"column":32},"end":{"line":215,"column":2}},"87":{"start":{"line":213,"column":39},"end":{"line":215,"column":1}},"88":{"start":{"line":217,"column":32},"end":{"line":220,"column":2}},"89":{"start":{"line":217,"column":44},"end":{"line":220,"column":1}},"90":{"start":{"line":224,"column":36},"end":{"line":227,"column":2}},"91":{"start":{"line":224,"column":51},"end":{"line":227,"column":1}},"92":{"start":{"line":229,"column":39},"end":{"line":231,"column":2}},"93":{"start":{"line":229,"column":46},"end":{"line":231,"column":1}},"94":{"start":{"line":233,"column":28},"end":{"line":235,"column":2}},"95":{"start":{"line":233,"column":35},"end":{"line":235,"column":1}},"96":{"start":{"line":237,"column":35},"end":{"line":239,"column":2}},"97":{"start":{"line":237,"column":42},"end":{"line":239,"column":1}}},"fnMap":{"0":{"name":"(anonymous_0)","decl":{"start":{"line":2,"column":24},"end":{"line":2,"column":25}},"loc":{"start":{"line":2,"column":36},"end":{"line":5,"column":1}},"line":2},"1":{"name":"(anonymous_1)","decl":{"start":{"line":7,"column":27},"end":{"line":7,"column":28}},"loc":{"start":{"line":7,"column":42},"end":{"line":10,"column":1}},"line":7},"2":{"name":"(anonymous_2)","decl":{"start":{"line":12,"column":28},"end":{"line":12,"column":29}},"loc":{"start":{"line":12,"column":35},"end":{"line":14,"column":1}},"line":12},"3":{"name":"(anonymous_3)","decl":{"start":{"line":16,"column":27},"end":{"line":16,"column":28}},"loc":{"start":{"line":16,"column":34},"end":{"line":18,"column":1}},"line":16},"4":{"name":"(anonymous_4)","decl":{"start":{"line":20,"column":29},"end":{"line":20,"column":30}},"loc":{"start":{"line":20,"column":36},"end":{"line":22,"column":1}},"line":20},"5":{"name":"(anonymous_5)","decl":{"start":{"line":24,"column":28},"end":{"line":24,"column":29}},"loc":{"start":{"line":24,"column":35},"end":{"line":26,"column":1}},"line":24},"6":{"name":"(anonymous_6)","decl":{"start":{"line":28,"column":26},"end":{"line":28,"column":27}},"loc":{"start":{"line":28,"column":33},"end":{"line":30,"column":1}},"line":28},"7":{"name":"(anonymous_7)","decl":{"start":{"line":32,"column":26},"end":{"line":32,"column":27}},"loc":{"start":{"line":32,"column":40},"end":{"line":35,"column":1}},"line":32},"8":{"name":"(anonymous_8)","decl":{"start":{"line":38,"column":29},"end":{"line":38,"column":30}},"loc":{"start":{"line":38,"column":36},"end":{"line":40,"column":1}},"line":38},"9":{"name":"(anonymous_9)","decl":{"start":{"line":42,"column":29},"end":{"line":42,"column":30}},"loc":{"start":{"line":42,"column":36},"end":{"line":44,"column":1}},"line":42},"10":{"name":"(anonymous_10)","decl":{"start":{"line":46,"column":25},"end":{"line":46,"column":26}},"loc":{"start":{"line":46,"column":32},"end":{"line":48,"column":1}},"line":46},"11":{"name":"(anonymous_11)","decl":{"start":{"line":50,"column":23},"end":{"line":50,"column":24}},"loc":{"start":{"line":50,"column":34},"end":{"line":53,"column":1}},"line":50},"12":{"name":"(anonymous_12)","decl":{"start":{"line":55,"column":28},"end":{"line":55,"column":29}},"loc":{"start":{"line":55,"column":44},"end":{"line":58,"column":1}},"line":55},"13":{"name":"(anonymous_13)","decl":{"start":{"line":60,"column":35},"end":{"line":60,"column":36}},"loc":{"start":{"line":60,"column":42},"end":{"line":62,"column":1}},"line":60},"14":{"name":"(anonymous_14)","decl":{"start":{"line":65,"column":31},"end":{"line":65,"column":32}},"loc":{"start":{"line":65,"column":54},"end":{"line":68,"column":1}},"line":65},"15":{"name":"(anonymous_15)","decl":{"start":{"line":70,"column":25},"end":{"line":70,"column":26}},"loc":{"start":{"line":70,"column":38},"end":{"line":73,"column":1}},"line":70},"16":{"name":"(anonymous_16)","decl":{"start":{"line":75,"column":27},"end":{"line":75,"column":28}},"loc":{"start":{"line":75,"column":39},"end":{"line":78,"column":1}},"line":75},"17":{"name":"(anonymous_17)","decl":{"start":{"line":80,"column":28},"end":{"line":80,"column":29}},"loc":{"start":{"line":80,"column":40},"end":{"line":82,"column":1}},"line":80},"18":{"name":"(anonymous_18)","decl":{"start":{"line":85,"column":29},"end":{"line":85,"column":30}},"loc":{"start":{"line":85,"column":52},"end":{"line":88,"column":1}},"line":85},"19":{"name":"(anonymous_19)","decl":{"start":{"line":90,"column":32},"end":{"line":90,"column":33}},"loc":{"start":{"line":90,"column":62},"end":{"line":93,"column":1}},"line":90},"20":{"name":"(anonymous_20)","decl":{"start":{"line":95,"column":23},"end":{"line":95,"column":24}},"loc":{"start":{"line":95,"column":40},"end":{"line":98,"column":1}},"line":95},"21":{"name":"(anonymous_21)","decl":{"start":{"line":100,"column":26},"end":{"line":100,"column":27}},"loc":{"start":{"line":100,"column":42},"end":{"line":103,"column":1}},"line":100},"22":{"name":"(anonymous_22)","decl":{"start":{"line":105,"column":26},"end":{"line":105,"column":27}},"loc":{"start":{"line":105,"column":38},"end":{"line":107,"column":1}},"line":105},"23":{"name":"(anonymous_23)","decl":{"start":{"line":111,"column":32},"end":{"line":111,"column":33}},"loc":{"start":{"line":111,"column":55},"end":{"line":114,"column":1}},"line":111},"24":{"name":"(anonymous_24)","decl":{"start":{"line":116,"column":29},"end":{"line":116,"column":30}},"loc":{"start":{"line":116,"column":36},"end":{"line":118,"column":1}},"line":116},"25":{"name":"(anonymous_25)","decl":{"start":{"line":122,"column":30},"end":{"line":122,"column":31}},"loc":{"start":{"line":122,"column":53},"end":{"line":125,"column":1}},"line":122},"26":{"name":"(anonymous_26)","decl":{"start":{"line":127,"column":26},"end":{"line":127,"column":27}},"loc":{"start":{"line":127,"column":46},"end":{"line":130,"column":1}},"line":127},"27":{"name":"(anonymous_27)","decl":{"start":{"line":132,"column":35},"end":{"line":132,"column":36}},"loc":{"start":{"line":132,"column":65},"end":{"line":135,"column":1}},"line":132},"28":{"name":"(anonymous_28)","decl":{"start":{"line":137,"column":29},"end":{"line":137,"column":30}},"loc":{"start":{"line":137,"column":45},"end":{"line":140,"column":1}},"line":137},"29":{"name":"(anonymous_29)","decl":{"start":{"line":142,"column":24},"end":{"line":142,"column":25}},"loc":{"start":{"line":142,"column":42},"end":{"line":145,"column":1}},"line":142},"30":{"name":"(anonymous_30)","decl":{"start":{"line":147,"column":33},"end":{"line":147,"column":34}},"loc":{"start":{"line":147,"column":63},"end":{"line":150,"column":1}},"line":147},"31":{"name":"(anonymous_31)","decl":{"start":{"line":152,"column":27},"end":{"line":152,"column":28}},"loc":{"start":{"line":152,"column":43},"end":{"line":155,"column":1}},"line":152},"32":{"name":"(anonymous_32)","decl":{"start":{"line":157,"column":27},"end":{"line":157,"column":28}},"loc":{"start":{"line":157,"column":39},"end":{"line":159,"column":1}},"line":157},"33":{"name":"(anonymous_33)","decl":{"start":{"line":162,"column":31},"end":{"line":162,"column":32}},"loc":{"start":{"line":162,"column":54},"end":{"line":165,"column":1}},"line":162},"34":{"name":"(anonymous_34)","decl":{"start":{"line":167,"column":29},"end":{"line":167,"column":30}},"loc":{"start":{"line":167,"column":41},"end":{"line":170,"column":1}},"line":167},"35":{"name":"(anonymous_35)","decl":{"start":{"line":172,"column":28},"end":{"line":172,"column":29}},"loc":{"start":{"line":172,"column":35},"end":{"line":174,"column":1}},"line":172},"36":{"name":"(anonymous_36)","decl":{"start":{"line":178,"column":28},"end":{"line":178,"column":29}},"loc":{"start":{"line":178,"column":51},"end":{"line":181,"column":1}},"line":178},"37":{"name":"(anonymous_37)","decl":{"start":{"line":183,"column":25},"end":{"line":183,"column":26}},"loc":{"start":{"line":183,"column":32},"end":{"line":185,"column":1}},"line":183},"38":{"name":"(anonymous_38)","decl":{"start":{"line":187,"column":28},"end":{"line":187,"column":29}},"loc":{"start":{"line":187,"column":35},"end":{"line":189,"column":1}},"line":187},"39":{"name":"(anonymous_39)","decl":{"start":{"line":193,"column":30},"end":{"line":193,"column":31}},"loc":{"start":{"line":193,"column":48},"end":{"line":196,"column":1}},"line":193},"40":{"name":"(anonymous_40)","decl":{"start":{"line":198,"column":38},"end":{"line":198,"column":39}},"loc":{"start":{"line":198,"column":68},"end":{"line":201,"column":1}},"line":198},"41":{"name":"(anonymous_41)","decl":{"start":{"line":203,"column":29},"end":{"line":203,"column":30}},"loc":{"start":{"line":203,"column":52},"end":{"line":206,"column":1}},"line":203},"42":{"name":"(anonymous_42)","decl":{"start":{"line":208,"column":32},"end":{"line":208,"column":33}},"loc":{"start":{"line":208,"column":48},"end":{"line":211,"column":1}},"line":208},"43":{"name":"(anonymous_43)","decl":{"start":{"line":213,"column":32},"end":{"line":213,"column":33}},"loc":{"start":{"line":213,"column":39},"end":{"line":215,"column":1}},"line":213},"44":{"name":"(anonymous_44)","decl":{"start":{"line":217,"column":32},"end":{"line":217,"column":33}},"loc":{"start":{"line":217,"column":44},"end":{"line":220,"column":1}},"line":217},"45":{"name":"(anonymous_45)","decl":{"start":{"line":224,"column":36},"end":{"line":224,"column":37}},"loc":{"start":{"line":224,"column":51},"end":{"line":227,"column":1}},"line":224},"46":{"name":"(anonymous_46)","decl":{"start":{"line":229,"column":39},"end":{"line":229,"column":40}},"loc":{"start":{"line":229,"column":46},"end":{"line":231,"column":1}},"line":229},"47":{"name":"(anonymous_47)","decl":{"start":{"line":233,"column":28},"end":{"line":233,"column":29}},"loc":{"start":{"line":233,"column":35},"end":{"line":235,"column":1}},"line":233},"48":{"name":"(anonymous_48)","decl":{"start":{"line":237,"column":35},"end":{"line":237,"column":36}},"loc":{"start":{"line":237,"column":42},"end":{"line":239,"column":1}},"line":237}},"branchMap":{},"s":{"0":1,"1":0,"2":1,"3":0,"4":1,"5":0,"6":1,"7":0,"8":1,"9":0,"10":1,"11":0,"12":1,"13":0,"14":1,"15":0,"16":1,"17":0,"18":1,"19":0,"20":1,"21":0,"22":1,"23":0,"24":1,"25":0,"26":1,"27":0,"28":1,"29":0,"30":1,"31":0,"32":1,"33":0,"34":1,"35":2,"36":1,"37":0,"38":1,"39":0,"40":1,"41":0,"42":1,"43":0,"44":1,"45":2,"46":1,"47":0,"48":1,"49":2,"50":1,"51":0,"52":1,"53":0,"54":1,"55":0,"56":1,"57":0,"58":1,"59":0,"60":1,"61":0,"62":1,"63":0,"64":1,"65":2,"66":1,"67":0,"68":1,"69":0,"70":1,"71":2,"72":1,"73":0,"74":1,"75":2,"76":1,"77":0,"78":1,"79":0,"80":1,"81":0,"82":1,"83":0,"84":1,"85":0,"86":1,"87":2,"88":1,"89":0,"90":1,"91":0,"92":1,"93":0,"94":1,"95":0,"96":1,"97":0},"f":{"0":0,"1":0,"2":0,"3":0,"4":0,"5":0,"6":0,"7":0,"8":0,"9":0,"10":0,"11":0,"12":0,"13":0,"14":0,"15":0,"16":0,"17":2,"18":0,"19":0,"20":0,"21":0,"22":2,"23":0,"24":2,"25":0,"26":0,"27":0,"28":0,"29":0,"30":0,"31":0,"32":2,"33":0,"34":0,"35":2,"36":0,"37":2,"38":0,"39":0,"40":0,"41":0,"42":0,"43":2,"44":0,"45":0,"46":0,"47":0,"48":0},"b":{},"_coverageSchema":"43e27e138ebf9cfc5966b082cf9a028302ed4184","hash":"3e5e8ba82c72eafc77600d9ba41c0750d3ca9e67"}
,"/Users/msd/Desktop/senior project/toast/toast frontend/frontend/frontend/src/redux/selectors.js": {"path":"/Users/msd/Desktop/senior project/toast/toast frontend/frontend/frontend/src/redux/selectors.js","statementMap":{"0":{"start":{"line":9,"column":36},"end":{"line":10,"column":45}},"1":{"start":{"line":10,"column":2},"end":{"line":10,"column":45}},"2":{"start":{"line":11,"column":36},"end":{"line":12,"column":45}},"3":{"start":{"line":12,"column":2},"end":{"line":12,"column":45}},"4":{"start":{"line":13,"column":30},"end":{"line":13,"column":78}},"5":{"start":{"line":13,"column":41},"end":{"line":13,"column":78}},"6":{"start":{"line":16,"column":24},"end":{"line":16,"column":59}},"7":{"start":{"line":16,"column":35},"end":{"line":16,"column":59}},"8":{"start":{"line":17,"column":27},"end":{"line":17,"column":65}},"9":{"start":{"line":17,"column":38},"end":{"line":17,"column":65}},"10":{"start":{"line":18,"column":23},"end":{"line":18,"column":74}},"11":{"start":{"line":19,"column":33},"end":{"line":20,"column":38}},"12":{"start":{"line":20,"column":2},"end":{"line":20,"column":38}},"13":{"start":{"line":21,"column":32},"end":{"line":21,"column":78}},"14":{"start":{"line":21,"column":43},"end":{"line":21,"column":78}},"15":{"start":{"line":22,"column":26},"end":{"line":22,"column":63}},"16":{"start":{"line":22,"column":37},"end":{"line":22,"column":63}},"17":{"start":{"line":25,"column":30},"end":{"line":25,"column":77}},"18":{"start":{"line":25,"column":41},"end":{"line":25,"column":77}},"19":{"start":{"line":26,"column":32},"end":{"line":27,"column":40}},"20":{"start":{"line":27,"column":2},"end":{"line":27,"column":40}},"21":{"start":{"line":28,"column":25},"end":{"line":28,"column":70}},"22":{"start":{"line":28,"column":36},"end":{"line":28,"column":70}},"23":{"start":{"line":33,"column":27},"end":{"line":33,"column":67}},"24":{"start":{"line":33,"column":38},"end":{"line":33,"column":67}},"25":{"start":{"line":34,"column":28},"end":{"line":34,"column":69}},"26":{"start":{"line":34,"column":39},"end":{"line":34,"column":69}},"27":{"start":{"line":35,"column":29},"end":{"line":35,"column":71}},"28":{"start":{"line":35,"column":40},"end":{"line":35,"column":71}},"29":{"start":{"line":36,"column":27},"end":{"line":36,"column":67}},"30":{"start":{"line":36,"column":38},"end":{"line":36,"column":67}},"31":{"start":{"line":37,"column":28},"end":{"line":37,"column":69}},"32":{"start":{"line":37,"column":39},"end":{"line":37,"column":69}},"33":{"start":{"line":38,"column":23},"end":{"line":38,"column":59}},"34":{"start":{"line":38,"column":34},"end":{"line":38,"column":59}},"35":{"start":{"line":39,"column":24},"end":{"line":39,"column":61}},"36":{"start":{"line":39,"column":35},"end":{"line":39,"column":61}},"37":{"start":{"line":40,"column":25},"end":{"line":40,"column":63}},"38":{"start":{"line":40,"column":36},"end":{"line":40,"column":63}},"39":{"start":{"line":43,"column":22},"end":{"line":46,"column":1}},"40":{"start":{"line":45,"column":17},"end":{"line":45,"column":53}},"41":{"start":{"line":49,"column":33},"end":{"line":50,"column":38}},"42":{"start":{"line":50,"column":2},"end":{"line":50,"column":38}},"43":{"start":{"line":51,"column":40},"end":{"line":54,"column":1}},"44":{"start":{"line":55,"column":35},"end":{"line":56,"column":40}},"45":{"start":{"line":56,"column":2},"end":{"line":56,"column":40}},"46":{"start":{"line":58,"column":29},"end":{"line":58,"column":72}},"47":{"start":{"line":58,"column":40},"end":{"line":58,"column":72}},"48":{"start":{"line":60,"column":30},"end":{"line":60,"column":74}},"49":{"start":{"line":60,"column":41},"end":{"line":60,"column":74}},"50":{"start":{"line":61,"column":32},"end":{"line":61,"column":78}},"51":{"start":{"line":61,"column":43},"end":{"line":61,"column":78}},"52":{"start":{"line":62,"column":35},"end":{"line":63,"column":40}},"53":{"start":{"line":63,"column":2},"end":{"line":63,"column":40}},"54":{"start":{"line":64,"column":36},"end":{"line":65,"column":41}},"55":{"start":{"line":65,"column":2},"end":{"line":65,"column":41}},"56":{"start":{"line":66,"column":26},"end":{"line":66,"column":66}},"57":{"start":{"line":66,"column":37},"end":{"line":66,"column":66}},"58":{"start":{"line":68,"column":27},"end":{"line":68,"column":68}},"59":{"start":{"line":68,"column":38},"end":{"line":68,"column":68}},"60":{"start":{"line":69,"column":27},"end":{"line":69,"column":68}},"61":{"start":{"line":69,"column":38},"end":{"line":69,"column":68}},"62":{"start":{"line":70,"column":26},"end":{"line":70,"column":66}},"63":{"start":{"line":70,"column":37},"end":{"line":70,"column":66}},"64":{"start":{"line":71,"column":33},"end":{"line":72,"column":38}},"65":{"start":{"line":72,"column":2},"end":{"line":72,"column":38}},"66":{"start":{"line":73,"column":31},"end":{"line":73,"column":76}},"67":{"start":{"line":73,"column":42},"end":{"line":73,"column":76}},"68":{"start":{"line":74,"column":24},"end":{"line":74,"column":62}},"69":{"start":{"line":74,"column":35},"end":{"line":74,"column":62}},"70":{"start":{"line":75,"column":29},"end":{"line":75,"column":72}},"71":{"start":{"line":75,"column":40},"end":{"line":75,"column":72}},"72":{"start":{"line":78,"column":27},"end":{"line":78,"column":66}},"73":{"start":{"line":78,"column":38},"end":{"line":78,"column":66}},"74":{"start":{"line":79,"column":34},"end":{"line":80,"column":63}},"75":{"start":{"line":80,"column":2},"end":{"line":80,"column":63}},"76":{"start":{"line":80,"column":48},"end":{"line":80,"column":62}},"77":{"start":{"line":81,"column":37},"end":{"line":84,"column":1}},"78":{"start":{"line":83,"column":23},"end":{"line":83,"column":65}},"79":{"start":{"line":83,"column":56},"end":{"line":83,"column":61}},"80":{"start":{"line":85,"column":27},"end":{"line":85,"column":66}},"81":{"start":{"line":85,"column":38},"end":{"line":85,"column":66}},"82":{"start":{"line":88,"column":24},"end":{"line":88,"column":59}},"83":{"start":{"line":88,"column":35},"end":{"line":88,"column":59}},"84":{"start":{"line":93,"column":39},"end":{"line":94,"column":36}},"85":{"start":{"line":94,"column":2},"end":{"line":94,"column":36}},"86":{"start":{"line":95,"column":39},"end":{"line":95,"column":78}},"87":{"start":{"line":95,"column":50},"end":{"line":95,"column":78}},"88":{"start":{"line":98,"column":36},"end":{"line":99,"column":41}},"89":{"start":{"line":99,"column":2},"end":{"line":99,"column":41}},"90":{"start":{"line":100,"column":36},"end":{"line":101,"column":41}},"91":{"start":{"line":101,"column":2},"end":{"line":101,"column":41}},"92":{"start":{"line":102,"column":30},"end":{"line":105,"column":1}},"93":{"start":{"line":104,"column":22},"end":{"line":104,"column":63}},"94":{"start":{"line":106,"column":42},"end":{"line":107,"column":47}},"95":{"start":{"line":107,"column":2},"end":{"line":107,"column":47}},"96":{"start":{"line":108,"column":42},"end":{"line":109,"column":47}},"97":{"start":{"line":109,"column":2},"end":{"line":109,"column":47}},"98":{"start":{"line":112,"column":39},"end":{"line":113,"column":36}},"99":{"start":{"line":113,"column":2},"end":{"line":113,"column":36}},"100":{"start":{"line":114,"column":42},"end":{"line":115,"column":30}},"101":{"start":{"line":115,"column":2},"end":{"line":115,"column":30}},"102":{"start":{"line":118,"column":30},"end":{"line":118,"column":73}},"103":{"start":{"line":118,"column":41},"end":{"line":118,"column":73}},"104":{"start":{"line":119,"column":34},"end":{"line":122,"column":1}},"105":{"start":{"line":123,"column":33},"end":{"line":124,"column":39}},"106":{"start":{"line":124,"column":2},"end":{"line":124,"column":39}},"107":{"start":{"line":125,"column":29},"end":{"line":125,"column":71}},"108":{"start":{"line":125,"column":40},"end":{"line":125,"column":71}},"109":{"start":{"line":128,"column":26},"end":{"line":128,"column":68}},"110":{"start":{"line":128,"column":37},"end":{"line":128,"column":68}},"111":{"start":{"line":129,"column":36},"end":{"line":130,"column":39}},"112":{"start":{"line":130,"column":2},"end":{"line":130,"column":39}},"113":{"start":{"line":131,"column":32},"end":{"line":132,"column":39}},"114":{"start":{"line":132,"column":2},"end":{"line":132,"column":39}},"115":{"start":{"line":133,"column":42},"end":{"line":134,"column":45}},"116":{"start":{"line":134,"column":2},"end":{"line":134,"column":45}},"117":{"start":{"line":135,"column":27},"end":{"line":135,"column":70}},"118":{"start":{"line":135,"column":38},"end":{"line":135,"column":70}},"119":{"start":{"line":136,"column":37},"end":{"line":137,"column":40}},"120":{"start":{"line":137,"column":2},"end":{"line":137,"column":40}},"121":{"start":{"line":140,"column":30},"end":{"line":140,"column":77}},"122":{"start":{"line":140,"column":41},"end":{"line":140,"column":77}},"123":{"start":{"line":142,"column":36},"end":{"line":145,"column":1}},"124":{"start":{"line":148,"column":28},"end":{"line":148,"column":62}},"125":{"start":{"line":148,"column":39},"end":{"line":148,"column":62}},"126":{"start":{"line":149,"column":35},"end":{"line":149,"column":76}},"127":{"start":{"line":149,"column":46},"end":{"line":149,"column":76}},"128":{"start":{"line":150,"column":34},"end":{"line":150,"column":74}},"129":{"start":{"line":150,"column":45},"end":{"line":150,"column":74}},"130":{"start":{"line":151,"column":31},"end":{"line":151,"column":68}},"131":{"start":{"line":151,"column":42},"end":{"line":151,"column":68}},"132":{"start":{"line":152,"column":37},"end":{"line":153,"column":34}},"133":{"start":{"line":153,"column":2},"end":{"line":153,"column":34}},"134":{"start":{"line":154,"column":33},"end":{"line":154,"column":72}},"135":{"start":{"line":154,"column":44},"end":{"line":154,"column":72}},"136":{"start":{"line":155,"column":29},"end":{"line":155,"column":71}},"137":{"start":{"line":155,"column":40},"end":{"line":155,"column":71}},"138":{"start":{"line":156,"column":26},"end":{"line":156,"column":65}},"139":{"start":{"line":156,"column":37},"end":{"line":156,"column":65}},"140":{"start":{"line":157,"column":34},"end":{"line":160,"column":1}}},"fnMap":{"0":{"name":"(anonymous_0)","decl":{"start":{"line":9,"column":36},"end":{"line":9,"column":37}},"loc":{"start":{"line":10,"column":2},"end":{"line":10,"column":45}},"line":10},"1":{"name":"(anonymous_1)","decl":{"start":{"line":11,"column":36},"end":{"line":11,"column":37}},"loc":{"start":{"line":12,"column":2},"end":{"line":12,"column":45}},"line":12},"2":{"name":"(anonymous_2)","decl":{"start":{"line":13,"column":30},"end":{"line":13,"column":31}},"loc":{"start":{"line":13,"column":41},"end":{"line":13,"column":78}},"line":13},"3":{"name":"(anonymous_3)","decl":{"start":{"line":16,"column":24},"end":{"line":16,"column":25}},"loc":{"start":{"line":16,"column":35},"end":{"line":16,"column":59}},"line":16},"4":{"name":"(anonymous_4)","decl":{"start":{"line":17,"column":27},"end":{"line":17,"column":28}},"loc":{"start":{"line":17,"column":38},"end":{"line":17,"column":65}},"line":17},"5":{"name":"(anonymous_5)","decl":{"start":{"line":19,"column":33},"end":{"line":19,"column":34}},"loc":{"start":{"line":20,"column":2},"end":{"line":20,"column":38}},"line":20},"6":{"name":"(anonymous_6)","decl":{"start":{"line":21,"column":32},"end":{"line":21,"column":33}},"loc":{"start":{"line":21,"column":43},"end":{"line":21,"column":78}},"line":21},"7":{"name":"(anonymous_7)","decl":{"start":{"line":22,"column":26},"end":{"line":22,"column":27}},"loc":{"start":{"line":22,"column":37},"end":{"line":22,"column":63}},"line":22},"8":{"name":"(anonymous_8)","decl":{"start":{"line":25,"column":30},"end":{"line":25,"column":31}},"loc":{"start":{"line":25,"column":41},"end":{"line":25,"column":77}},"line":25},"9":{"name":"(anonymous_9)","decl":{"start":{"line":26,"column":32},"end":{"line":26,"column":33}},"loc":{"start":{"line":27,"column":2},"end":{"line":27,"column":40}},"line":27},"10":{"name":"(anonymous_10)","decl":{"start":{"line":28,"column":25},"end":{"line":28,"column":26}},"loc":{"start":{"line":28,"column":36},"end":{"line":28,"column":70}},"line":28},"11":{"name":"(anonymous_11)","decl":{"start":{"line":33,"column":27},"end":{"line":33,"column":28}},"loc":{"start":{"line":33,"column":38},"end":{"line":33,"column":67}},"line":33},"12":{"name":"(anonymous_12)","decl":{"start":{"line":34,"column":28},"end":{"line":34,"column":29}},"loc":{"start":{"line":34,"column":39},"end":{"line":34,"column":69}},"line":34},"13":{"name":"(anonymous_13)","decl":{"start":{"line":35,"column":29},"end":{"line":35,"column":30}},"loc":{"start":{"line":35,"column":40},"end":{"line":35,"column":71}},"line":35},"14":{"name":"(anonymous_14)","decl":{"start":{"line":36,"column":27},"end":{"line":36,"column":28}},"loc":{"start":{"line":36,"column":38},"end":{"line":36,"column":67}},"line":36},"15":{"name":"(anonymous_15)","decl":{"start":{"line":37,"column":28},"end":{"line":37,"column":29}},"loc":{"start":{"line":37,"column":39},"end":{"line":37,"column":69}},"line":37},"16":{"name":"(anonymous_16)","decl":{"start":{"line":38,"column":23},"end":{"line":38,"column":24}},"loc":{"start":{"line":38,"column":34},"end":{"line":38,"column":59}},"line":38},"17":{"name":"(anonymous_17)","decl":{"start":{"line":39,"column":24},"end":{"line":39,"column":25}},"loc":{"start":{"line":39,"column":35},"end":{"line":39,"column":61}},"line":39},"18":{"name":"(anonymous_18)","decl":{"start":{"line":40,"column":25},"end":{"line":40,"column":26}},"loc":{"start":{"line":40,"column":36},"end":{"line":40,"column":63}},"line":40},"19":{"name":"(anonymous_19)","decl":{"start":{"line":45,"column":2},"end":{"line":45,"column":3}},"loc":{"start":{"line":45,"column":17},"end":{"line":45,"column":53}},"line":45},"20":{"name":"(anonymous_20)","decl":{"start":{"line":49,"column":33},"end":{"line":49,"column":34}},"loc":{"start":{"line":50,"column":2},"end":{"line":50,"column":38}},"line":50},"21":{"name":"(anonymous_21)","decl":{"start":{"line":55,"column":35},"end":{"line":55,"column":36}},"loc":{"start":{"line":56,"column":2},"end":{"line":56,"column":40}},"line":56},"22":{"name":"(anonymous_22)","decl":{"start":{"line":58,"column":29},"end":{"line":58,"column":30}},"loc":{"start":{"line":58,"column":40},"end":{"line":58,"column":72}},"line":58},"23":{"name":"(anonymous_23)","decl":{"start":{"line":60,"column":30},"end":{"line":60,"column":31}},"loc":{"start":{"line":60,"column":41},"end":{"line":60,"column":74}},"line":60},"24":{"name":"(anonymous_24)","decl":{"start":{"line":61,"column":32},"end":{"line":61,"column":33}},"loc":{"start":{"line":61,"column":43},"end":{"line":61,"column":78}},"line":61},"25":{"name":"(anonymous_25)","decl":{"start":{"line":62,"column":35},"end":{"line":62,"column":36}},"loc":{"start":{"line":63,"column":2},"end":{"line":63,"column":40}},"line":63},"26":{"name":"(anonymous_26)","decl":{"start":{"line":64,"column":36},"end":{"line":64,"column":37}},"loc":{"start":{"line":65,"column":2},"end":{"line":65,"column":41}},"line":65},"27":{"name":"(anonymous_27)","decl":{"start":{"line":66,"column":26},"end":{"line":66,"column":27}},"loc":{"start":{"line":66,"column":37},"end":{"line":66,"column":66}},"line":66},"28":{"name":"(anonymous_28)","decl":{"start":{"line":68,"column":27},"end":{"line":68,"column":28}},"loc":{"start":{"line":68,"column":38},"end":{"line":68,"column":68}},"line":68},"29":{"name":"(anonymous_29)","decl":{"start":{"line":69,"column":27},"end":{"line":69,"column":28}},"loc":{"start":{"line":69,"column":38},"end":{"line":69,"column":68}},"line":69},"30":{"name":"(anonymous_30)","decl":{"start":{"line":70,"column":26},"end":{"line":70,"column":27}},"loc":{"start":{"line":70,"column":37},"end":{"line":70,"column":66}},"line":70},"31":{"name":"(anonymous_31)","decl":{"start":{"line":71,"column":33},"end":{"line":71,"column":34}},"loc":{"start":{"line":72,"column":2},"end":{"line":72,"column":38}},"line":72},"32":{"name":"(anonymous_32)","decl":{"start":{"line":73,"column":31},"end":{"line":73,"column":32}},"loc":{"start":{"line":73,"column":42},"end":{"line":73,"column":76}},"line":73},"33":{"name":"(anonymous_33)","decl":{"start":{"line":74,"column":24},"end":{"line":74,"column":25}},"loc":{"start":{"line":74,"column":35},"end":{"line":74,"column":62}},"line":74},"34":{"name":"(anonymous_34)","decl":{"start":{"line":75,"column":29},"end":{"line":75,"column":30}},"loc":{"start":{"line":75,"column":40},"end":{"line":75,"column":72}},"line":75},"35":{"name":"(anonymous_35)","decl":{"start":{"line":78,"column":27},"end":{"line":78,"column":28}},"loc":{"start":{"line":78,"column":38},"end":{"line":78,"column":66}},"line":78},"36":{"name":"(anonymous_36)","decl":{"start":{"line":79,"column":34},"end":{"line":79,"column":35}},"loc":{"start":{"line":80,"column":2},"end":{"line":80,"column":63}},"line":80},"37":{"name":"(anonymous_37)","decl":{"start":{"line":80,"column":35},"end":{"line":80,"column":36}},"loc":{"start":{"line":80,"column":48},"end":{"line":80,"column":62}},"line":80},"38":{"name":"(anonymous_38)","decl":{"start":{"line":83,"column":2},"end":{"line":83,"column":3}},"loc":{"start":{"line":83,"column":23},"end":{"line":83,"column":65}},"line":83},"39":{"name":"(anonymous_39)","decl":{"start":{"line":83,"column":46},"end":{"line":83,"column":47}},"loc":{"start":{"line":83,"column":56},"end":{"line":83,"column":61}},"line":83},"40":{"name":"(anonymous_40)","decl":{"start":{"line":85,"column":27},"end":{"line":85,"column":28}},"loc":{"start":{"line":85,"column":38},"end":{"line":85,"column":66}},"line":85},"41":{"name":"(anonymous_41)","decl":{"start":{"line":88,"column":24},"end":{"line":88,"column":25}},"loc":{"start":{"line":88,"column":35},"end":{"line":88,"column":59}},"line":88},"42":{"name":"(anonymous_42)","decl":{"start":{"line":93,"column":39},"end":{"line":93,"column":40}},"loc":{"start":{"line":94,"column":2},"end":{"line":94,"column":36}},"line":94},"43":{"name":"(anonymous_43)","decl":{"start":{"line":95,"column":39},"end":{"line":95,"column":40}},"loc":{"start":{"line":95,"column":50},"end":{"line":95,"column":78}},"line":95},"44":{"name":"(anonymous_44)","decl":{"start":{"line":98,"column":36},"end":{"line":98,"column":37}},"loc":{"start":{"line":99,"column":2},"end":{"line":99,"column":41}},"line":99},"45":{"name":"(anonymous_45)","decl":{"start":{"line":100,"column":36},"end":{"line":100,"column":37}},"loc":{"start":{"line":101,"column":2},"end":{"line":101,"column":41}},"line":101},"46":{"name":"(anonymous_46)","decl":{"start":{"line":104,"column":2},"end":{"line":104,"column":3}},"loc":{"start":{"line":104,"column":22},"end":{"line":104,"column":63}},"line":104},"47":{"name":"(anonymous_47)","decl":{"start":{"line":106,"column":42},"end":{"line":106,"column":43}},"loc":{"start":{"line":107,"column":2},"end":{"line":107,"column":47}},"line":107},"48":{"name":"(anonymous_48)","decl":{"start":{"line":108,"column":42},"end":{"line":108,"column":43}},"loc":{"start":{"line":109,"column":2},"end":{"line":109,"column":47}},"line":109},"49":{"name":"(anonymous_49)","decl":{"start":{"line":112,"column":39},"end":{"line":112,"column":40}},"loc":{"start":{"line":113,"column":2},"end":{"line":113,"column":36}},"line":113},"50":{"name":"(anonymous_50)","decl":{"start":{"line":114,"column":42},"end":{"line":114,"column":43}},"loc":{"start":{"line":115,"column":2},"end":{"line":115,"column":30}},"line":115},"51":{"name":"(anonymous_51)","decl":{"start":{"line":118,"column":30},"end":{"line":118,"column":31}},"loc":{"start":{"line":118,"column":41},"end":{"line":118,"column":73}},"line":118},"52":{"name":"(anonymous_52)","decl":{"start":{"line":123,"column":33},"end":{"line":123,"column":34}},"loc":{"start":{"line":124,"column":2},"end":{"line":124,"column":39}},"line":124},"53":{"name":"(anonymous_53)","decl":{"start":{"line":125,"column":29},"end":{"line":125,"column":30}},"loc":{"start":{"line":125,"column":40},"end":{"line":125,"column":71}},"line":125},"54":{"name":"(anonymous_54)","decl":{"start":{"line":128,"column":26},"end":{"line":128,"column":27}},"loc":{"start":{"line":128,"column":37},"end":{"line":128,"column":68}},"line":128},"55":{"name":"(anonymous_55)","decl":{"start":{"line":129,"column":36},"end":{"line":129,"column":37}},"loc":{"start":{"line":130,"column":2},"end":{"line":130,"column":39}},"line":130},"56":{"name":"(anonymous_56)","decl":{"start":{"line":131,"column":32},"end":{"line":131,"column":33}},"loc":{"start":{"line":132,"column":2},"end":{"line":132,"column":39}},"line":132},"57":{"name":"(anonymous_57)","decl":{"start":{"line":133,"column":42},"end":{"line":133,"column":43}},"loc":{"start":{"line":134,"column":2},"end":{"line":134,"column":45}},"line":134},"58":{"name":"(anonymous_58)","decl":{"start":{"line":135,"column":27},"end":{"line":135,"column":28}},"loc":{"start":{"line":135,"column":38},"end":{"line":135,"column":70}},"line":135},"59":{"name":"(anonymous_59)","decl":{"start":{"line":136,"column":37},"end":{"line":136,"column":38}},"loc":{"start":{"line":137,"column":2},"end":{"line":137,"column":40}},"line":137},"60":{"name":"(anonymous_60)","decl":{"start":{"line":140,"column":30},"end":{"line":140,"column":31}},"loc":{"start":{"line":140,"column":41},"end":{"line":140,"column":77}},"line":140},"61":{"name":"(anonymous_61)","decl":{"start":{"line":148,"column":28},"end":{"line":148,"column":29}},"loc":{"start":{"line":148,"column":39},"end":{"line":148,"column":62}},"line":148},"62":{"name":"(anonymous_62)","decl":{"start":{"line":149,"column":35},"end":{"line":149,"column":36}},"loc":{"start":{"line":149,"column":46},"end":{"line":149,"column":76}},"line":149},"63":{"name":"(anonymous_63)","decl":{"start":{"line":150,"column":34},"end":{"line":150,"column":35}},"loc":{"start":{"line":150,"column":45},"end":{"line":150,"column":74}},"line":150},"64":{"name":"(anonymous_64)","decl":{"start":{"line":151,"column":31},"end":{"line":151,"column":32}},"loc":{"start":{"line":151,"column":42},"end":{"line":151,"column":68}},"line":151},"65":{"name":"(anonymous_65)","decl":{"start":{"line":152,"column":37},"end":{"line":152,"column":38}},"loc":{"start":{"line":153,"column":2},"end":{"line":153,"column":34}},"line":153},"66":{"name":"(anonymous_66)","decl":{"start":{"line":154,"column":33},"end":{"line":154,"column":34}},"loc":{"start":{"line":154,"column":44},"end":{"line":154,"column":72}},"line":154},"67":{"name":"(anonymous_67)","decl":{"start":{"line":155,"column":29},"end":{"line":155,"column":30}},"loc":{"start":{"line":155,"column":40},"end":{"line":155,"column":71}},"line":155},"68":{"name":"(anonymous_68)","decl":{"start":{"line":156,"column":26},"end":{"line":156,"column":27}},"loc":{"start":{"line":156,"column":37},"end":{"line":156,"column":65}},"line":156}},"branchMap":{"0":{"loc":{"start":{"line":104,"column":29},"end":{"line":104,"column":40}},"type":"binary-expr","locations":[{"start":{"line":104,"column":29},"end":{"line":104,"column":35}},{"start":{"line":104,"column":39},"end":{"line":104,"column":40}}],"line":104},"1":{"loc":{"start":{"line":104,"column":51},"end":{"line":104,"column":62}},"type":"binary-expr","locations":[{"start":{"line":104,"column":51},"end":{"line":104,"column":57}},{"start":{"line":104,"column":61},"end":{"line":104,"column":62}}],"line":104}},"s":{"0":1,"1":0,"2":1,"3":0,"4":1,"5":0,"6":1,"7":0,"8":1,"9":0,"10":1,"11":1,"12":0,"13":1,"14":0,"15":1,"16":0,"17":1,"18":0,"19":1,"20":0,"21":1,"22":0,"23":1,"24":0,"25":1,"26":0,"27":1,"28":0,"29":1,"30":0,"31":1,"32":0,"33":1,"34":0,"35":1,"36":0,"37":1,"38":0,"39":1,"40":0,"41":1,"42":0,"43":1,"44":1,"45":0,"46":1,"47":0,"48":1,"49":0,"50":1,"51":0,"52":1,"53":0,"54":1,"55":0,"56":1,"57":0,"58":1,"59":0,"60":1,"61":0,"62":1,"63":0,"64":1,"65":0,"66":1,"67":0,"68":1,"69":0,"70":1,"71":0,"72":1,"73":0,"74":1,"75":0,"76":0,"77":1,"78":0,"79":0,"80":1,"81":0,"82":1,"83":0,"84":1,"85":0,"86":1,"87":0,"88":1,"89":0,"90":1,"91":0,"92":1,"93":0,"94":1,"95":0,"96":1,"97":0,"98":1,"99":0,"100":1,"101":0,"102":1,"103":0,"104":1,"105":1,"106":0,"107":1,"108":0,"109":1,"110":0,"111":1,"112":0,"113":1,"114":0,"115":1,"116":0,"117":1,"118":0,"119":1,"120":0,"121":1,"122":0,"123":1,"124":1,"125":0,"126":1,"127":0,"128":1,"129":0,"130":1,"131":0,"132":1,"133":0,"134":1,"135":0,"136":1,"137":0,"138":1,"139":0,"140":1},"f":{"0":0,"1":0,"2":0,"3":0,"4":0,"5":0,"6":0,"7":0,"8":0,"9":0,"10":0,"11":0,"12":0,"13":0,"14":0,"15":0,"16":0,"17":0,"18":0,"19":0,"20":0,"21":0,"22":0,"23":0,"24":0,"25":0,"26":0,"27":0,"28":0,"29":0,"30":0,"31":0,"32":0,"33":0,"34":0,"35":0,"36":0,"37":0,"38":0,"39":0,"40":0,"41":0,"42":0,"43":0,"44":0,"45":0,"46":0,"47":0,"48":0,"49":0,"50":0,"51":0,"52":0,"53":0,"54":0,"55":0,"56":0,"57":0,"58":0,"59":0,"60":0,"61":0,"62":0,"63":0,"64":0,"65":0,"66":0,"67":0,"68":0},"b":{"0":[0,0],"1":[0,0]},"_coverageSchema":"43e27e138ebf9cfc5966b082cf9a028302ed4184","hash":"72a69ac0dd2f7b6921bf194bbfa1b25388924436"}
,"/Users/msd/Desktop/senior project/toast/toast frontend/frontend/frontend/src/redux/effects/index.js": {"path":"/Users/msd/Desktop/senior project/toast/toast frontend/frontend/frontend/src/redux/effects/index.js","statementMap":{"0":{"start":{"line":8,"column":16},"end":{"line":8,"column":48}},"1":{"start":{"line":11,"column":2},"end":{"line":27,"column":5}},"2":{"start":{"line":12,"column":21},"end":{"line":22,"column":41}},"3":{"start":{"line":22,"column":25},"end":{"line":22,"column":40}},"4":{"start":{"line":23,"column":17},"end":{"line":23,"column":62}},"5":{"start":{"line":23,"column":50},"end":{"line":23,"column":61}},"6":{"start":{"line":24,"column":4},"end":{"line":24,"column":76}},"7":{"start":{"line":24,"column":44},"end":{"line":24,"column":74}},"8":{"start":{"line":26,"column":4},"end":{"line":26,"column":41}},"9":{"start":{"line":31,"column":18},"end":{"line":31,"column":52}},"10":{"start":{"line":32,"column":2},"end":{"line":50,"column":7}},"11":{"start":{"line":40,"column":6},"end":{"line":46,"column":9}},"12":{"start":{"line":41,"column":8},"end":{"line":45,"column":9}},"13":{"start":{"line":42,"column":10},"end":{"line":42,"column":22}},"14":{"start":{"line":44,"column":10},"end":{"line":44,"column":20}},"15":{"start":{"line":49,"column":6},"end":{"line":49,"column":44}},"16":{"start":{"line":54,"column":18},"end":{"line":54,"column":52}},"17":{"start":{"line":55,"column":2},"end":{"line":74,"column":7}},"18":{"start":{"line":64,"column":6},"end":{"line":70,"column":9}},"19":{"start":{"line":65,"column":8},"end":{"line":69,"column":9}},"20":{"start":{"line":66,"column":10},"end":{"line":66,"column":22}},"21":{"start":{"line":68,"column":10},"end":{"line":68,"column":20}},"22":{"start":{"line":73,"column":6},"end":{"line":73,"column":44}},"23":{"start":{"line":78,"column":2},"end":{"line":97,"column":5}},"24":{"start":{"line":79,"column":19},"end":{"line":89,"column":42}},"25":{"start":{"line":89,"column":26},"end":{"line":89,"column":41}},"26":{"start":{"line":91,"column":4},"end":{"line":91,"column":48}},"27":{"start":{"line":92,"column":4},"end":{"line":92,"column":30}},"28":{"start":{"line":93,"column":4},"end":{"line":93,"column":38}},"29":{"start":{"line":94,"column":4},"end":{"line":94,"column":30}},"30":{"start":{"line":95,"column":4},"end":{"line":95,"column":25}},"31":{"start":{"line":96,"column":4},"end":{"line":96,"column":53}},"32":{"start":{"line":101,"column":2},"end":{"line":126,"column":5}},"33":{"start":{"line":102,"column":19},"end":{"line":112,"column":42}},"34":{"start":{"line":112,"column":26},"end":{"line":112,"column":41}},"35":{"start":{"line":114,"column":4},"end":{"line":114,"column":48}},"36":{"start":{"line":117,"column":4},"end":{"line":117,"column":38}},"37":{"start":{"line":118,"column":4},"end":{"line":118,"column":39}},"38":{"start":{"line":119,"column":4},"end":{"line":119,"column":37}},"39":{"start":{"line":120,"column":4},"end":{"line":120,"column":36}},"40":{"start":{"line":121,"column":4},"end":{"line":121,"column":38}},"41":{"start":{"line":122,"column":4},"end":{"line":122,"column":35}},"42":{"start":{"line":123,"column":4},"end":{"line":123,"column":42}},"43":{"start":{"line":125,"column":4},"end":{"line":125,"column":49}},"44":{"start":{"line":130,"column":14},"end":{"line":130,"column":46}},"45":{"start":{"line":132,"column":19},"end":{"line":132,"column":74}},"46":{"start":{"line":133,"column":2},"end":{"line":133,"column":67}},"47":{"start":{"line":135,"column":2},"end":{"line":135,"column":18}},"48":{"start":{"line":139,"column":2},"end":{"line":139,"column":36}},"49":{"start":{"line":140,"column":2},"end":{"line":140,"column":37}},"50":{"start":{"line":141,"column":2},"end":{"line":141,"column":35}},"51":{"start":{"line":142,"column":2},"end":{"line":142,"column":34}},"52":{"start":{"line":143,"column":2},"end":{"line":143,"column":36}},"53":{"start":{"line":144,"column":2},"end":{"line":144,"column":33}},"54":{"start":{"line":145,"column":2},"end":{"line":145,"column":40}},"55":{"start":{"line":147,"column":16},"end":{"line":147,"column":41}},"56":{"start":{"line":149,"column":19},"end":{"line":151,"column":3}},"57":{"start":{"line":153,"column":18},"end":{"line":160,"column":4}},"58":{"start":{"line":154,"column":4},"end":{"line":159,"column":6}},"59":{"start":{"line":162,"column":2},"end":{"line":162,"column":57}},"60":{"start":{"line":166,"column":2},"end":{"line":168,"column":5}},"61":{"start":{"line":167,"column":4},"end":{"line":167,"column":30}},"62":{"start":{"line":172,"column":11},"end":{"line":172,"column":46}},"63":{"start":{"line":173,"column":16},"end":{"line":173,"column":20}},"64":{"start":{"line":174,"column":2},"end":{"line":177,"column":3}},"65":{"start":{"line":175,"column":21},"end":{"line":175,"column":66}},"66":{"start":{"line":176,"column":4},"end":{"line":176,"column":31}},"67":{"start":{"line":178,"column":2},"end":{"line":178,"column":17}},"68":{"start":{"line":182,"column":2},"end":{"line":193,"column":5}},"69":{"start":{"line":183,"column":18},"end":{"line":183,"column":51}},"70":{"start":{"line":184,"column":4},"end":{"line":191,"column":5}},"71":{"start":{"line":185,"column":23},"end":{"line":185,"column":74}},"72":{"start":{"line":186,"column":6},"end":{"line":186,"column":75}},"73":{"start":{"line":187,"column":6},"end":{"line":187,"column":73}},"74":{"start":{"line":188,"column":6},"end":{"line":188,"column":66}},"75":{"start":{"line":189,"column":6},"end":{"line":189,"column":79}},"76":{"start":{"line":190,"column":6},"end":{"line":190,"column":70}},"77":{"start":{"line":192,"column":4},"end":{"line":192,"column":43}},"78":{"start":{"line":197,"column":2},"end":{"line":266,"column":5}},"79":{"start":{"line":198,"column":16},"end":{"line":198,"column":48}},"80":{"start":{"line":199,"column":21},"end":{"line":199,"column":75}},"81":{"start":{"line":201,"column":16},"end":{"line":201,"column":48}},"82":{"start":{"line":202,"column":15},"end":{"line":202,"column":46}},"83":{"start":{"line":204,"column":4},"end":{"line":208,"column":5}},"84":{"start":{"line":205,"column":6},"end":{"line":205,"column":66}},"85":{"start":{"line":206,"column":6},"end":{"line":206,"column":53}},"86":{"start":{"line":207,"column":6},"end":{"line":207,"column":65}},"87":{"start":{"line":210,"column":4},"end":{"line":265,"column":5}},"88":{"start":{"line":211,"column":6},"end":{"line":211,"column":64}},"89":{"start":{"line":213,"column":26},"end":{"line":221,"column":7}},"90":{"start":{"line":223,"column":27},"end":{"line":230,"column":7}},"91":{"start":{"line":232,"column":6},"end":{"line":237,"column":7}},"92":{"start":{"line":233,"column":8},"end":{"line":235,"column":9}},"93":{"start":{"line":234,"column":10},"end":{"line":234,"column":41}},"94":{"start":{"line":236,"column":8},"end":{"line":236,"column":78}},"95":{"start":{"line":239,"column":6},"end":{"line":244,"column":7}},"96":{"start":{"line":240,"column":8},"end":{"line":242,"column":9}},"97":{"start":{"line":241,"column":10},"end":{"line":241,"column":42}},"98":{"start":{"line":243,"column":8},"end":{"line":243,"column":80}},"99":{"start":{"line":247,"column":6},"end":{"line":247,"column":28}},"100":{"start":{"line":248,"column":6},"end":{"line":248,"column":24}},"101":{"start":{"line":249,"column":6},"end":{"line":249,"column":28}},"102":{"start":{"line":250,"column":6},"end":{"line":250,"column":28}},"103":{"start":{"line":251,"column":6},"end":{"line":251,"column":25}},"104":{"start":{"line":252,"column":17},"end":{"line":252,"column":34}},"105":{"start":{"line":253,"column":6},"end":{"line":253,"column":31}},"106":{"start":{"line":255,"column":6},"end":{"line":261,"column":7}},"107":{"start":{"line":256,"column":8},"end":{"line":256,"column":26}},"108":{"start":{"line":257,"column":8},"end":{"line":257,"column":54}},"109":{"start":{"line":259,"column":8},"end":{"line":259,"column":26}},"110":{"start":{"line":260,"column":8},"end":{"line":260,"column":57}},"111":{"start":{"line":263,"column":6},"end":{"line":263,"column":24}},"112":{"start":{"line":264,"column":6},"end":{"line":264,"column":55}},"113":{"start":{"line":270,"column":2},"end":{"line":323,"column":5}},"114":{"start":{"line":271,"column":21},"end":{"line":273,"column":5}},"115":{"start":{"line":275,"column":16},"end":{"line":275,"column":48}},"116":{"start":{"line":276,"column":15},"end":{"line":276,"column":46}},"117":{"start":{"line":278,"column":4},"end":{"line":284,"column":5}},"118":{"start":{"line":279,"column":6},"end":{"line":279,"column":66}},"119":{"start":{"line":280,"column":6},"end":{"line":280,"column":53}},"120":{"start":{"line":281,"column":6},"end":{"line":281,"column":65}},"121":{"start":{"line":283,"column":6},"end":{"line":283,"column":53}},"122":{"start":{"line":286,"column":24},"end":{"line":294,"column":5}},"123":{"start":{"line":296,"column":25},"end":{"line":299,"column":5}},"124":{"start":{"line":301,"column":4},"end":{"line":306,"column":5}},"125":{"start":{"line":302,"column":6},"end":{"line":304,"column":7}},"126":{"start":{"line":303,"column":8},"end":{"line":303,"column":39}},"127":{"start":{"line":305,"column":6},"end":{"line":305,"column":76}},"128":{"start":{"line":308,"column":4},"end":{"line":313,"column":5}},"129":{"start":{"line":309,"column":6},"end":{"line":311,"column":7}},"130":{"start":{"line":310,"column":8},"end":{"line":310,"column":40}},"131":{"start":{"line":312,"column":6},"end":{"line":312,"column":78}},"132":{"start":{"line":316,"column":4},"end":{"line":316,"column":26}},"133":{"start":{"line":317,"column":4},"end":{"line":317,"column":22}},"134":{"start":{"line":318,"column":4},"end":{"line":318,"column":26}},"135":{"start":{"line":319,"column":4},"end":{"line":319,"column":26}},"136":{"start":{"line":320,"column":4},"end":{"line":320,"column":23}},"137":{"start":{"line":321,"column":4},"end":{"line":321,"column":22}},"138":{"start":{"line":322,"column":4},"end":{"line":322,"column":29}},"139":{"start":{"line":327,"column":13},"end":{"line":327,"column":48}},"140":{"start":{"line":328,"column":17},"end":{"line":328,"column":70}},"141":{"start":{"line":330,"column":2},"end":{"line":362,"column":3}},"142":{"start":{"line":331,"column":25},"end":{"line":354,"column":5}},"143":{"start":{"line":356,"column":4},"end":{"line":361,"column":5}},"144":{"start":{"line":357,"column":6},"end":{"line":359,"column":7}},"145":{"start":{"line":358,"column":8},"end":{"line":358,"column":40}},"146":{"start":{"line":360,"column":6},"end":{"line":360,"column":78}},"147":{"start":{"line":364,"column":2},"end":{"line":364,"column":18}},"148":{"start":{"line":368,"column":13},"end":{"line":368,"column":48}},"149":{"start":{"line":369,"column":17},"end":{"line":369,"column":66}},"150":{"start":{"line":371,"column":2},"end":{"line":382,"column":3}},"151":{"start":{"line":372,"column":25},"end":{"line":374,"column":5}},"152":{"start":{"line":376,"column":4},"end":{"line":381,"column":5}},"153":{"start":{"line":377,"column":6},"end":{"line":379,"column":7}},"154":{"start":{"line":378,"column":8},"end":{"line":378,"column":40}},"155":{"start":{"line":380,"column":6},"end":{"line":380,"column":78}},"156":{"start":{"line":384,"column":2},"end":{"line":384,"column":18}},"157":{"start":{"line":388,"column":13},"end":{"line":388,"column":48}},"158":{"start":{"line":389,"column":17},"end":{"line":389,"column":69}},"159":{"start":{"line":391,"column":17},"end":{"line":391,"column":19}},"160":{"start":{"line":393,"column":2},"end":{"line":413,"column":3}},"161":{"start":{"line":394,"column":4},"end":{"line":402,"column":6}},"162":{"start":{"line":395,"column":6},"end":{"line":401,"column":8}},"163":{"start":{"line":404,"column":4},"end":{"line":410,"column":5}},"164":{"start":{"line":404,"column":17},"end":{"line":404,"column":18}},"165":{"start":{"line":405,"column":6},"end":{"line":409,"column":7}},"166":{"start":{"line":406,"column":8},"end":{"line":408,"column":9}},"167":{"start":{"line":407,"column":10},"end":{"line":407,"column":39}},"168":{"start":{"line":412,"column":4},"end":{"line":412,"column":60}},"169":{"start":{"line":415,"column":2},"end":{"line":415,"column":18}},"170":{"start":{"line":419,"column":13},"end":{"line":419,"column":48}},"171":{"start":{"line":420,"column":17},"end":{"line":420,"column":70}},"172":{"start":{"line":422,"column":17},"end":{"line":422,"column":19}},"173":{"start":{"line":424,"column":2},"end":{"line":443,"column":3}},"174":{"start":{"line":425,"column":4},"end":{"line":432,"column":6}},"175":{"start":{"line":426,"column":6},"end":{"line":431,"column":8}},"176":{"start":{"line":434,"column":4},"end":{"line":440,"column":5}},"177":{"start":{"line":434,"column":17},"end":{"line":434,"column":18}},"178":{"start":{"line":435,"column":6},"end":{"line":439,"column":7}},"179":{"start":{"line":436,"column":8},"end":{"line":438,"column":9}},"180":{"start":{"line":437,"column":10},"end":{"line":437,"column":39}},"181":{"start":{"line":442,"column":4},"end":{"line":442,"column":60}},"182":{"start":{"line":445,"column":2},"end":{"line":445,"column":18}},"183":{"start":{"line":449,"column":13},"end":{"line":449,"column":48}},"184":{"start":{"line":450,"column":17},"end":{"line":450,"column":67}},"185":{"start":{"line":452,"column":14},"end":{"line":452,"column":16}},"186":{"start":{"line":454,"column":2},"end":{"line":473,"column":3}},"187":{"start":{"line":455,"column":4},"end":{"line":462,"column":6}},"188":{"start":{"line":456,"column":6},"end":{"line":461,"column":8}},"189":{"start":{"line":464,"column":4},"end":{"line":470,"column":5}},"190":{"start":{"line":464,"column":17},"end":{"line":464,"column":18}},"191":{"start":{"line":465,"column":6},"end":{"line":469,"column":7}},"192":{"start":{"line":466,"column":8},"end":{"line":468,"column":9}},"193":{"start":{"line":467,"column":10},"end":{"line":467,"column":36}},"194":{"start":{"line":472,"column":4},"end":{"line":472,"column":53}},"195":{"start":{"line":475,"column":2},"end":{"line":475,"column":18}},"196":{"start":{"line":479,"column":13},"end":{"line":479,"column":48}},"197":{"start":{"line":480,"column":17},"end":{"line":480,"column":66}},"198":{"start":{"line":482,"column":2},"end":{"line":526,"column":3}},"199":{"start":{"line":483,"column":21},"end":{"line":521,"column":5}},"200":{"start":{"line":523,"column":4},"end":{"line":525,"column":5}},"201":{"start":{"line":524,"column":6},"end":{"line":524,"column":70}},"202":{"start":{"line":528,"column":2},"end":{"line":528,"column":18}},"203":{"start":{"line":532,"column":13},"end":{"line":532,"column":48}},"204":{"start":{"line":533,"column":17},"end":{"line":533,"column":74}},"205":{"start":{"line":535,"column":20},"end":{"line":535,"column":22}},"206":{"start":{"line":537,"column":2},"end":{"line":555,"column":3}},"207":{"start":{"line":538,"column":4},"end":{"line":544,"column":6}},"208":{"start":{"line":539,"column":6},"end":{"line":543,"column":8}},"209":{"start":{"line":546,"column":4},"end":{"line":552,"column":5}},"210":{"start":{"line":546,"column":17},"end":{"line":546,"column":18}},"211":{"start":{"line":547,"column":6},"end":{"line":551,"column":7}},"212":{"start":{"line":548,"column":8},"end":{"line":550,"column":9}},"213":{"start":{"line":549,"column":10},"end":{"line":549,"column":42}},"214":{"start":{"line":554,"column":4},"end":{"line":554,"column":51}},"215":{"start":{"line":557,"column":2},"end":{"line":557,"column":18}},"216":{"start":{"line":561,"column":2},"end":{"line":577,"column":4}},"217":{"start":{"line":571,"column":6},"end":{"line":571,"column":44}},"218":{"start":{"line":572,"column":21},"end":{"line":572,"column":56}},"219":{"start":{"line":573,"column":6},"end":{"line":575,"column":7}},"220":{"start":{"line":574,"column":8},"end":{"line":574,"column":47}},"221":{"start":{"line":579,"column":2},"end":{"line":593,"column":4}},"222":{"start":{"line":590,"column":6},"end":{"line":590,"column":23}},"223":{"start":{"line":591,"column":6},"end":{"line":591,"column":45}},"224":{"start":{"line":597,"column":13},"end":{"line":597,"column":48}},"225":{"start":{"line":598,"column":17},"end":{"line":598,"column":66}},"226":{"start":{"line":600,"column":2},"end":{"line":604,"column":3}},"227":{"start":{"line":601,"column":4},"end":{"line":601,"column":34}},"228":{"start":{"line":603,"column":4},"end":{"line":603,"column":14}},"229":{"start":{"line":608,"column":16},"end":{"line":608,"column":50}},"230":{"start":{"line":609,"column":18},"end":{"line":609,"column":52}},"231":{"start":{"line":609,"column":42},"end":{"line":609,"column":51}},"232":{"start":{"line":611,"column":2},"end":{"line":613,"column":3}},"233":{"start":{"line":611,"column":15},"end":{"line":611,"column":16}},"234":{"start":{"line":612,"column":4},"end":{"line":612,"column":22}},"235":{"start":{"line":617,"column":16},"end":{"line":617,"column":50}},"236":{"start":{"line":618,"column":18},"end":{"line":618,"column":52}},"237":{"start":{"line":618,"column":42},"end":{"line":618,"column":51}},"238":{"start":{"line":620,"column":2},"end":{"line":658,"column":3}},"239":{"start":{"line":620,"column":15},"end":{"line":620,"column":16}},"240":{"start":{"line":621,"column":17},"end":{"line":621,"column":36}},"241":{"start":{"line":623,"column":4},"end":{"line":657,"column":5}},"242":{"start":{"line":624,"column":40},"end":{"line":626,"column":7}},"243":{"start":{"line":627,"column":40},"end":{"line":629,"column":7}},"244":{"start":{"line":630,"column":32},"end":{"line":630,"column":76}},"245":{"start":{"line":631,"column":38},"end":{"line":633,"column":7}},"246":{"start":{"line":634,"column":33},"end":{"line":634,"column":78}},"247":{"start":{"line":635,"column":32},"end":{"line":635,"column":73}},"248":{"start":{"line":636,"column":29},"end":{"line":636,"column":76}},"249":{"start":{"line":637,"column":29},"end":{"line":637,"column":76}},"250":{"start":{"line":639,"column":17},"end":{"line":648,"column":7}},"251":{"start":{"line":650,"column":6},"end":{"line":654,"column":7}},"252":{"start":{"line":651,"column":8},"end":{"line":653,"column":9}},"253":{"start":{"line":652,"column":10},"end":{"line":652,"column":32}},"254":{"start":{"line":656,"column":6},"end":{"line":656,"column":69}},"255":{"start":{"line":659,"column":2},"end":{"line":659,"column":41}},"256":{"start":{"line":663,"column":2},"end":{"line":668,"column":4}},"257":{"start":{"line":666,"column":6},"end":{"line":666,"column":26}},"258":{"start":{"line":672,"column":2},"end":{"line":752,"column":4}},"259":{"start":{"line":675,"column":24},"end":{"line":675,"column":60}},"260":{"start":{"line":676,"column":6},"end":{"line":750,"column":7}},"261":{"start":{"line":677,"column":19},"end":{"line":677,"column":54}},"262":{"start":{"line":678,"column":26},"end":{"line":678,"column":62}},"263":{"start":{"line":679,"column":25},"end":{"line":679,"column":60}},"264":{"start":{"line":680,"column":27},"end":{"line":680,"column":64}},"265":{"start":{"line":681,"column":26},"end":{"line":681,"column":62}},"266":{"start":{"line":682,"column":22},"end":{"line":682,"column":54}},"267":{"start":{"line":683,"column":21},"end":{"line":683,"column":52}},"268":{"start":{"line":684,"column":22},"end":{"line":684,"column":54}},"269":{"start":{"line":685,"column":31},"end":{"line":685,"column":72}},"270":{"start":{"line":686,"column":33},"end":{"line":686,"column":76}},"271":{"start":{"line":688,"column":19},"end":{"line":698,"column":9}},"272":{"start":{"line":700,"column":8},"end":{"line":715,"column":9}},"273":{"start":{"line":701,"column":10},"end":{"line":711,"column":11}},"274":{"start":{"line":705,"column":12},"end":{"line":705,"column":48}},"275":{"start":{"line":706,"column":17},"end":{"line":711,"column":11}},"276":{"start":{"line":710,"column":12},"end":{"line":710,"column":39}},"277":{"start":{"line":712,"column":10},"end":{"line":714,"column":11}},"278":{"start":{"line":713,"column":12},"end":{"line":713,"column":34}},"279":{"start":{"line":717,"column":8},"end":{"line":749,"column":9}},"280":{"start":{"line":725,"column":25},"end":{"line":725,"column":79}},"281":{"start":{"line":727,"column":10},"end":{"line":734,"column":11}},"282":{"start":{"line":728,"column":12},"end":{"line":728,"column":72}},"283":{"start":{"line":730,"column":12},"end":{"line":730,"column":53}},"284":{"start":{"line":731,"column":12},"end":{"line":731,"column":29}},"285":{"start":{"line":732,"column":12},"end":{"line":732,"column":30}},"286":{"start":{"line":733,"column":12},"end":{"line":733,"column":37}},"287":{"start":{"line":736,"column":10},"end":{"line":748,"column":11}},"288":{"start":{"line":738,"column":12},"end":{"line":738,"column":74}},"289":{"start":{"line":739,"column":12},"end":{"line":739,"column":33}},"290":{"start":{"line":740,"column":12},"end":{"line":740,"column":33}},"291":{"start":{"line":741,"column":12},"end":{"line":741,"column":33}},"292":{"start":{"line":742,"column":12},"end":{"line":742,"column":30}},"293":{"start":{"line":743,"column":12},"end":{"line":743,"column":29}},"294":{"start":{"line":744,"column":12},"end":{"line":744,"column":29}},"295":{"start":{"line":745,"column":12},"end":{"line":745,"column":36}},"296":{"start":{"line":747,"column":12},"end":{"line":747,"column":30}},"297":{"start":{"line":756,"column":2},"end":{"line":761,"column":4}},"298":{"start":{"line":759,"column":6},"end":{"line":759,"column":30}},"299":{"start":{"line":765,"column":13},"end":{"line":765,"column":48}},"300":{"start":{"line":766,"column":22},"end":{"line":766,"column":60}},"301":{"start":{"line":767,"column":24},"end":{"line":767,"column":64}},"302":{"start":{"line":768,"column":18},"end":{"line":768,"column":52}},"303":{"start":{"line":769,"column":19},"end":{"line":769,"column":54}},"304":{"start":{"line":770,"column":18},"end":{"line":770,"column":52}},"305":{"start":{"line":771,"column":23},"end":{"line":771,"column":62}},"306":{"start":{"line":772,"column":25},"end":{"line":772,"column":66}},"307":{"start":{"line":773,"column":16},"end":{"line":773,"column":48}},"308":{"start":{"line":774,"column":28},"end":{"line":774,"column":72}},"309":{"start":{"line":775,"column":29},"end":{"line":775,"column":72}},"310":{"start":{"line":776,"column":21},"end":{"line":776,"column":58}},"311":{"start":{"line":778,"column":13},"end":{"line":791,"column":3}},"312":{"start":{"line":793,"column":2},"end":{"line":799,"column":3}},"313":{"start":{"line":794,"column":4},"end":{"line":798,"column":5}},"314":{"start":{"line":795,"column":6},"end":{"line":795,"column":28}},"315":{"start":{"line":796,"column":11},"end":{"line":798,"column":5}},"316":{"start":{"line":797,"column":6},"end":{"line":797,"column":25}},"317":{"start":{"line":801,"column":2},"end":{"line":812,"column":3}},"318":{"start":{"line":802,"column":26},"end":{"line":802,"column":47}},"319":{"start":{"line":804,"column":4},"end":{"line":811,"column":5}},"320":{"start":{"line":805,"column":21},"end":{"line":805,"column":76}},"321":{"start":{"line":806,"column":6},"end":{"line":806,"column":69}},"322":{"start":{"line":808,"column":23},"end":{"line":808,"column":52}},"323":{"start":{"line":809,"column":6},"end":{"line":809,"column":77}},"324":{"start":{"line":810,"column":6},"end":{"line":810,"column":28}},"325":{"start":{"line":816,"column":13},"end":{"line":816,"column":48}},"326":{"start":{"line":817,"column":19},"end":{"line":817,"column":54}},"327":{"start":{"line":819,"column":13},"end":{"line":822,"column":3}},"328":{"start":{"line":824,"column":2},"end":{"line":828,"column":3}},"329":{"start":{"line":825,"column":4},"end":{"line":827,"column":5}},"330":{"start":{"line":826,"column":6},"end":{"line":826,"column":25}},"331":{"start":{"line":830,"column":20},"end":{"line":830,"column":37}},"332":{"start":{"line":832,"column":2},"end":{"line":839,"column":3}},"333":{"start":{"line":833,"column":19},"end":{"line":833,"column":70}},"334":{"start":{"line":834,"column":4},"end":{"line":834,"column":63}},"335":{"start":{"line":836,"column":17},"end":{"line":836,"column":42}},"336":{"start":{"line":837,"column":4},"end":{"line":837,"column":67}},"337":{"start":{"line":838,"column":4},"end":{"line":838,"column":22}},"338":{"start":{"line":843,"column":2},"end":{"line":852,"column":5}},"339":{"start":{"line":844,"column":20},"end":{"line":844,"column":54}},"340":{"start":{"line":845,"column":4},"end":{"line":851,"column":7}},"341":{"start":{"line":856,"column":13},"end":{"line":856,"column":48}},"342":{"start":{"line":857,"column":19},"end":{"line":857,"column":54}},"343":{"start":{"line":859,"column":2},"end":{"line":907,"column":3}},"344":{"start":{"line":859,"column":15},"end":{"line":859,"column":16}},"345":{"start":{"line":860,"column":4},"end":{"line":906,"column":5}},"346":{"start":{"line":861,"column":17},"end":{"line":867,"column":7}},"347":{"start":{"line":869,"column":6},"end":{"line":878,"column":7}},"348":{"start":{"line":870,"column":8},"end":{"line":877,"column":9}},"349":{"start":{"line":874,"column":10},"end":{"line":874,"column":46}},"350":{"start":{"line":875,"column":15},"end":{"line":877,"column":9}},"351":{"start":{"line":876,"column":10},"end":{"line":876,"column":32}},"352":{"start":{"line":880,"column":6},"end":{"line":883,"column":7}},"353":{"start":{"line":881,"column":23},"end":{"line":881,"column":77}},"354":{"start":{"line":882,"column":8},"end":{"line":882,"column":69}},"355":{"start":{"line":885,"column":17},"end":{"line":890,"column":7}},"356":{"start":{"line":892,"column":6},"end":{"line":901,"column":7}},"357":{"start":{"line":893,"column":8},"end":{"line":900,"column":9}},"358":{"start":{"line":897,"column":10},"end":{"line":897,"column":46}},"359":{"start":{"line":898,"column":15},"end":{"line":900,"column":9}},"360":{"start":{"line":899,"column":10},"end":{"line":899,"column":32}},"361":{"start":{"line":903,"column":15},"end":{"line":903,"column":29}},"362":{"start":{"line":904,"column":6},"end":{"line":904,"column":68}},"363":{"start":{"line":905,"column":6},"end":{"line":905,"column":28}},"364":{"start":{"line":911,"column":2},"end":{"line":920,"column":5}},"365":{"start":{"line":912,"column":20},"end":{"line":912,"column":54}},"366":{"start":{"line":913,"column":4},"end":{"line":919,"column":7}},"367":{"start":{"line":924,"column":13},"end":{"line":924,"column":48}},"368":{"start":{"line":925,"column":19},"end":{"line":925,"column":54}},"369":{"start":{"line":927,"column":2},"end":{"line":963,"column":3}},"370":{"start":{"line":927,"column":15},"end":{"line":927,"column":16}},"371":{"start":{"line":928,"column":4},"end":{"line":962,"column":5}},"372":{"start":{"line":929,"column":17},"end":{"line":934,"column":7}},"373":{"start":{"line":936,"column":6},"end":{"line":940,"column":7}},"374":{"start":{"line":937,"column":8},"end":{"line":939,"column":9}},"375":{"start":{"line":938,"column":10},"end":{"line":938,"column":32}},"376":{"start":{"line":942,"column":6},"end":{"line":945,"column":7}},"377":{"start":{"line":943,"column":23},"end":{"line":943,"column":78}},"378":{"start":{"line":944,"column":8},"end":{"line":944,"column":67}},"379":{"start":{"line":947,"column":17},"end":{"line":951,"column":7}},"380":{"start":{"line":953,"column":6},"end":{"line":957,"column":7}},"381":{"start":{"line":954,"column":8},"end":{"line":956,"column":9}},"382":{"start":{"line":955,"column":10},"end":{"line":955,"column":32}},"383":{"start":{"line":959,"column":15},"end":{"line":959,"column":29}},"384":{"start":{"line":960,"column":6},"end":{"line":960,"column":69}},"385":{"start":{"line":961,"column":6},"end":{"line":961,"column":28}},"386":{"start":{"line":967,"column":2},"end":{"line":976,"column":5}},"387":{"start":{"line":968,"column":20},"end":{"line":968,"column":54}},"388":{"start":{"line":969,"column":4},"end":{"line":975,"column":7}},"389":{"start":{"line":980,"column":13},"end":{"line":980,"column":48}},"390":{"start":{"line":981,"column":16},"end":{"line":981,"column":48}},"391":{"start":{"line":983,"column":2},"end":{"line":1023,"column":3}},"392":{"start":{"line":983,"column":15},"end":{"line":983,"column":16}},"393":{"start":{"line":984,"column":4},"end":{"line":1022,"column":5}},"394":{"start":{"line":985,"column":17},"end":{"line":990,"column":7}},"395":{"start":{"line":992,"column":6},"end":{"line":998,"column":7}},"396":{"start":{"line":993,"column":8},"end":{"line":997,"column":9}},"397":{"start":{"line":994,"column":10},"end":{"line":994,"column":30}},"398":{"start":{"line":995,"column":15},"end":{"line":997,"column":9}},"399":{"start":{"line":996,"column":10},"end":{"line":996,"column":32}},"400":{"start":{"line":1000,"column":6},"end":{"line":1003,"column":7}},"401":{"start":{"line":1001,"column":23},"end":{"line":1001,"column":75}},"402":{"start":{"line":1002,"column":8},"end":{"line":1002,"column":66}},"403":{"start":{"line":1005,"column":17},"end":{"line":1009,"column":7}},"404":{"start":{"line":1011,"column":6},"end":{"line":1017,"column":7}},"405":{"start":{"line":1012,"column":8},"end":{"line":1016,"column":9}},"406":{"start":{"line":1013,"column":10},"end":{"line":1013,"column":30}},"407":{"start":{"line":1014,"column":15},"end":{"line":1016,"column":9}},"408":{"start":{"line":1015,"column":10},"end":{"line":1015,"column":32}},"409":{"start":{"line":1019,"column":15},"end":{"line":1019,"column":26}},"410":{"start":{"line":1020,"column":6},"end":{"line":1020,"column":66}},"411":{"start":{"line":1021,"column":6},"end":{"line":1021,"column":25}},"412":{"start":{"line":1027,"column":13},"end":{"line":1027,"column":48}},"413":{"start":{"line":1029,"column":13},"end":{"line":1031,"column":3}},"414":{"start":{"line":1033,"column":2},"end":{"line":1037,"column":3}},"415":{"start":{"line":1034,"column":4},"end":{"line":1036,"column":5}},"416":{"start":{"line":1035,"column":6},"end":{"line":1035,"column":28}},"417":{"start":{"line":1039,"column":20},"end":{"line":1039,"column":37}},"418":{"start":{"line":1041,"column":2},"end":{"line":1044,"column":3}},"419":{"start":{"line":1042,"column":19},"end":{"line":1042,"column":70}},"420":{"start":{"line":1043,"column":4},"end":{"line":1043,"column":55}},"421":{"start":{"line":1048,"column":2},"end":{"line":1057,"column":5}},"422":{"start":{"line":1049,"column":20},"end":{"line":1049,"column":54}},"423":{"start":{"line":1050,"column":4},"end":{"line":1056,"column":7}},"424":{"start":{"line":1061,"column":13},"end":{"line":1061,"column":48}},"425":{"start":{"line":1062,"column":22},"end":{"line":1062,"column":60}},"426":{"start":{"line":1064,"column":2},"end":{"line":1107,"column":3}},"427":{"start":{"line":1064,"column":15},"end":{"line":1064,"column":16}},"428":{"start":{"line":1065,"column":4},"end":{"line":1106,"column":5}},"429":{"start":{"line":1066,"column":17},"end":{"line":1070,"column":7}},"430":{"start":{"line":1072,"column":6},"end":{"line":1076,"column":7}},"431":{"start":{"line":1073,"column":8},"end":{"line":1075,"column":9}},"432":{"start":{"line":1074,"column":10},"end":{"line":1074,"column":32}},"433":{"start":{"line":1078,"column":21},"end":{"line":1082,"column":7}},"434":{"start":{"line":1083,"column":6},"end":{"line":1089,"column":8}},"435":{"start":{"line":1090,"column":6},"end":{"line":1090,"column":31}},"436":{"start":{"line":1092,"column":17},"end":{"line":1095,"column":7}},"437":{"start":{"line":1097,"column":6},"end":{"line":1101,"column":7}},"438":{"start":{"line":1098,"column":8},"end":{"line":1100,"column":9}},"439":{"start":{"line":1099,"column":10},"end":{"line":1099,"column":32}},"440":{"start":{"line":1103,"column":15},"end":{"line":1103,"column":32}},"441":{"start":{"line":1104,"column":6},"end":{"line":1104,"column":73}},"442":{"start":{"line":1105,"column":6},"end":{"line":1105,"column":31}},"443":{"start":{"line":1111,"column":2},"end":{"line":1129,"column":5}}},"fnMap":{"0":{"name":"fetchCities","decl":{"start":{"line":10,"column":17},"end":{"line":10,"column":28}},"loc":{"start":{"line":10,"column":31},"end":{"line":28,"column":1}},"line":10},"1":{"name":"(anonymous_1)","decl":{"start":{"line":11,"column":34},"end":{"line":11,"column":35}},"loc":{"start":{"line":11,"column":53},"end":{"line":27,"column":3}},"line":11},"2":{"name":"(anonymous_2)","decl":{"start":{"line":22,"column":11},"end":{"line":22,"column":12}},"loc":{"start":{"line":22,"column":25},"end":{"line":22,"column":40}},"line":22},"3":{"name":"(anonymous_3)","decl":{"start":{"line":23,"column":38},"end":{"line":23,"column":39}},"loc":{"start":{"line":23,"column":50},"end":{"line":23,"column":61}},"line":23},"4":{"name":"(anonymous_4)","decl":{"start":{"line":24,"column":27},"end":{"line":24,"column":28}},"loc":{"start":{"line":24,"column":44},"end":{"line":24,"column":74}},"line":24},"5":{"name":"readAPI","decl":{"start":{"line":30,"column":17},"end":{"line":30,"column":24}},"loc":{"start":{"line":30,"column":30},"end":{"line":51,"column":1}},"line":30},"6":{"name":"(anonymous_6)","decl":{"start":{"line":39,"column":10},"end":{"line":39,"column":11}},"loc":{"start":{"line":39,"column":19},"end":{"line":47,"column":5}},"line":39},"7":{"name":"(anonymous_7)","decl":{"start":{"line":40,"column":29},"end":{"line":40,"column":30}},"loc":{"start":{"line":40,"column":39},"end":{"line":46,"column":7}},"line":40},"8":{"name":"(anonymous_8)","decl":{"start":{"line":48,"column":11},"end":{"line":48,"column":12}},"loc":{"start":{"line":48,"column":22},"end":{"line":50,"column":5}},"line":48},"9":{"name":"writeAPI","decl":{"start":{"line":53,"column":17},"end":{"line":53,"column":25}},"loc":{"start":{"line":53,"column":43},"end":{"line":75,"column":1}},"line":53},"10":{"name":"(anonymous_10)","decl":{"start":{"line":63,"column":10},"end":{"line":63,"column":11}},"loc":{"start":{"line":63,"column":19},"end":{"line":71,"column":5}},"line":63},"11":{"name":"(anonymous_11)","decl":{"start":{"line":64,"column":29},"end":{"line":64,"column":30}},"loc":{"start":{"line":64,"column":39},"end":{"line":70,"column":7}},"line":64},"12":{"name":"(anonymous_12)","decl":{"start":{"line":72,"column":11},"end":{"line":72,"column":12}},"loc":{"start":{"line":72,"column":22},"end":{"line":74,"column":5}},"line":72},"13":{"name":"authLoginAdvisor","decl":{"start":{"line":77,"column":17},"end":{"line":77,"column":33}},"loc":{"start":{"line":77,"column":36},"end":{"line":98,"column":1}},"line":77},"14":{"name":"(anonymous_14)","decl":{"start":{"line":78,"column":37},"end":{"line":78,"column":38}},"loc":{"start":{"line":78,"column":50},"end":{"line":97,"column":3}},"line":78},"15":{"name":"(anonymous_15)","decl":{"start":{"line":89,"column":12},"end":{"line":89,"column":13}},"loc":{"start":{"line":89,"column":26},"end":{"line":89,"column":41}},"line":89},"16":{"name":"authLoginClient","decl":{"start":{"line":100,"column":17},"end":{"line":100,"column":32}},"loc":{"start":{"line":100,"column":35},"end":{"line":127,"column":1}},"line":100},"17":{"name":"(anonymous_17)","decl":{"start":{"line":101,"column":36},"end":{"line":101,"column":37}},"loc":{"start":{"line":101,"column":49},"end":{"line":126,"column":3}},"line":101},"18":{"name":"(anonymous_18)","decl":{"start":{"line":112,"column":12},"end":{"line":112,"column":13}},"loc":{"start":{"line":112,"column":26},"end":{"line":112,"column":41}},"line":112},"19":{"name":"fetchAdvisorEmail","decl":{"start":{"line":129,"column":17},"end":{"line":129,"column":34}},"loc":{"start":{"line":129,"column":37},"end":{"line":136,"column":1}},"line":129},"20":{"name":"fetchClientsForce","decl":{"start":{"line":138,"column":17},"end":{"line":138,"column":34}},"loc":{"start":{"line":138,"column":37},"end":{"line":163,"column":1}},"line":138},"21":{"name":"(anonymous_21)","decl":{"start":{"line":153,"column":39},"end":{"line":153,"column":40}},"loc":{"start":{"line":153,"column":51},"end":{"line":160,"column":3}},"line":153},"22":{"name":"fetchClients","decl":{"start":{"line":165,"column":17},"end":{"line":165,"column":29}},"loc":{"start":{"line":165,"column":32},"end":{"line":169,"column":1}},"line":165},"23":{"name":"(anonymous_23)","decl":{"start":{"line":166,"column":35},"end":{"line":166,"column":36}},"loc":{"start":{"line":166,"column":54},"end":{"line":168,"column":3}},"line":166},"24":{"name":"fetchClientMatchedAdvisor","decl":{"start":{"line":171,"column":17},"end":{"line":171,"column":42}},"loc":{"start":{"line":171,"column":45},"end":{"line":179,"column":1}},"line":171},"25":{"name":"fetchAdvisorContact","decl":{"start":{"line":181,"column":17},"end":{"line":181,"column":36}},"loc":{"start":{"line":181,"column":39},"end":{"line":194,"column":1}},"line":181},"26":{"name":"(anonymous_26)","decl":{"start":{"line":182,"column":42},"end":{"line":182,"column":43}},"loc":{"start":{"line":182,"column":61},"end":{"line":193,"column":3}},"line":182},"27":{"name":"fetchClientProfileEmail","decl":{"start":{"line":196,"column":17},"end":{"line":196,"column":40}},"loc":{"start":{"line":196,"column":43},"end":{"line":267,"column":1}},"line":196},"28":{"name":"(anonymous_28)","decl":{"start":{"line":197,"column":46},"end":{"line":197,"column":47}},"loc":{"start":{"line":197,"column":65},"end":{"line":266,"column":3}},"line":197},"29":{"name":"fetchClientProfileId","decl":{"start":{"line":269,"column":17},"end":{"line":269,"column":37}},"loc":{"start":{"line":269,"column":40},"end":{"line":324,"column":1}},"line":269},"30":{"name":"(anonymous_30)","decl":{"start":{"line":270,"column":43},"end":{"line":270,"column":44}},"loc":{"start":{"line":270,"column":62},"end":{"line":323,"column":3}},"line":270},"31":{"name":"fetchExpenses","decl":{"start":{"line":326,"column":17},"end":{"line":326,"column":30}},"loc":{"start":{"line":326,"column":33},"end":{"line":365,"column":1}},"line":326},"32":{"name":"fetchDebt","decl":{"start":{"line":367,"column":17},"end":{"line":367,"column":26}},"loc":{"start":{"line":367,"column":29},"end":{"line":385,"column":1}},"line":367},"33":{"name":"fetchPartners","decl":{"start":{"line":387,"column":17},"end":{"line":387,"column":30}},"loc":{"start":{"line":387,"column":33},"end":{"line":416,"column":1}},"line":387},"34":{"name":"(anonymous_34)","decl":{"start":
[...]
83,"column":7}},"type":"if","locations":[{"start":{"line":880,"column":6},"end":{"line":883,"column":7}},{"start":{"line":880,"column":6},"end":{"line":883,"column":7}}],"line":880},"66":{"loc":{"start":{"line":893,"column":8},"end":{"line":900,"column":9}},"type":"if","locations":[{"start":{"line":893,"column":8},"end":{"line":900,"column":9}},{"start":{"line":893,"column":8},"end":{"line":900,"column":9}}],"line":893},"67":{"loc":{"start":{"line":894,"column":10},"end":{"line":895,"column":31}},"type":"binary-expr","locations":[{"start":{"line":894,"column":10},"end":{"line":894,"column":51}},{"start":{"line":895,"column":10},"end":{"line":895,"column":31}}],"line":894},"68":{"loc":{"start":{"line":898,"column":15},"end":{"line":900,"column":9}},"type":"if","locations":[{"start":{"line":898,"column":15},"end":{"line":900,"column":9}},{"start":{"line":898,"column":15},"end":{"line":900,"column":9}}],"line":898},"69":{"loc":{"start":{"line":928,"column":4},"end":{"line":962,"column":5}},"type":"if","locations":[{"start":{"line":928,"column":4},"end":{"line":962,"column":5}},{"start":{"line":928,"column":4},"end":{"line":962,"column":5}}],"line":928},"70":{"loc":{"start":{"line":928,"column":8},"end":{"line":928,"column":61}},"type":"binary-expr","locations":[{"start":{"line":928,"column":8},"end":{"line":928,"column":36}},{"start":{"line":928,"column":40},"end":{"line":928,"column":61}}],"line":928},"71":{"loc":{"start":{"line":937,"column":8},"end":{"line":939,"column":9}},"type":"if","locations":[{"start":{"line":937,"column":8},"end":{"line":939,"column":9}},{"start":{"line":937,"column":8},"end":{"line":939,"column":9}}],"line":937},"72":{"loc":{"start":{"line":942,"column":6},"end":{"line":945,"column":7}},"type":"if","locations":[{"start":{"line":942,"column":6},"end":{"line":945,"column":7}},{"start":{"line":942,"column":6},"end":{"line":945,"column":7}}],"line":942},"73":{"loc":{"start":{"line":954,"column":8},"end":{"line":956,"column":9}},"type":"if","locations":[{"start":{"line":954,"column":8},"end":{"line":956,"column":9}},{"start":{"line":954,"column":8},"end":{"line":956,"column":9}}],"line":954},"74":{"loc":{"start":{"line":984,"column":4},"end":{"line":1022,"column":5}},"type":"if","locations":[{"start":{"line":984,"column":4},"end":{"line":1022,"column":5}},{"start":{"line":984,"column":4},"end":{"line":1022,"column":5}}],"line":984},"75":{"loc":{"start":{"line":984,"column":8},"end":{"line":984,"column":55}},"type":"binary-expr","locations":[{"start":{"line":984,"column":8},"end":{"line":984,"column":33}},{"start":{"line":984,"column":37},"end":{"line":984,"column":55}}],"line":984},"76":{"loc":{"start":{"line":993,"column":8},"end":{"line":997,"column":9}},"type":"if","locations":[{"start":{"line":993,"column":8},"end":{"line":997,"column":9}},{"start":{"line":993,"column":8},"end":{"line":997,"column":9}}],"line":993},"77":{"loc":{"start":{"line":993,"column":12},"end":{"line":993,"column":62}},"type":"binary-expr","locations":[{"start":{"line":993,"column":12},"end":{"line":993,"column":37}},{"start":{"line":993,"column":41},"end":{"line":993,"column":62}}],"line":993},"78":{"loc":{"start":{"line":995,"column":15},"end":{"line":997,"column":9}},"type":"if","locations":[{"start":{"line":995,"column":15},"end":{"line":997,"column":9}},{"start":{"line":995,"column":15},"end":{"line":997,"column":9}}],"line":995},"79":{"loc":{"start":{"line":1000,"column":6},"end":{"line":1003,"column":7}},"type":"if","locations":[{"start":{"line":1000,"column":6},"end":{"line":1003,"column":7}},{"start":{"line":1000,"column":6},"end":{"line":1003,"column":7}}],"line":1000},"80":{"loc":{"start":{"line":1012,"column":8},"end":{"line":1016,"column":9}},"type":"if","locations":[{"start":{"line":1012,"column":8},"end":{"line":1016,"column":9}},{"start":{"line":1012,"column":8},"end":{"line":1016,"column":9}}],"line":1012},"81":{"loc":{"start":{"line":1012,"column":12},"end":{"line":1012,"column":62}},"type":"binary-expr","locations":[{"start":{"line":1012,"column":12},"end":{"line":1012,"column":37}},{"start":{"line":1012,"column":41},"end":{"line":1012,"column":62}}],"line":1012},"82":{"loc":{"start":{"line":1014,"column":15},"end":{"line":1016,"column":9}},"type":"if","locations":[{"start":{"line":1014,"column":15},"end":{"line":1016,"column":9}},{"start":{"line":1014,"column":15},"end":{"line":1016,"column":9}}],"line":1014},"83":{"loc":{"start":{"line":1034,"column":4},"end":{"line":1036,"column":5}},"type":"if","locations":[{"start":{"line":1034,"column":4},"end":{"line":1036,"column":5}},{"start":{"line":1034,"column":4},"end":{"line":1036,"column":5}}],"line":1034},"84":{"loc":{"start":{"line":1041,"column":2},"end":{"line":1044,"column":3}},"type":"if","locations":[{"start":{"line":1041,"column":2},"end":{"line":1044,"column":3}},{"start":{"line":1041,"column":2},"end":{"line":1044,"column":3}}],"line":1041},"85":{"loc":{"start":{"line":1065,"column":4},"end":{"line":1106,"column":5}},"type":"if","locations":[{"start":{"line":1065,"column":4},"end":{"line":1106,"column":5}},{"start":{"line":1065,"column":4},"end":{"line":1106,"column":5}}],"line":1065},"86":{"loc":{"start":{"line":1073,"column":8},"end":{"line":1075,"column":9}},"type":"if","locations":[{"start":{"line":1073,"column":8},"end":{"line":1075,"column":9}},{"start":{"line":1073,"column":8},"end":{"line":1075,"column":9}}],"line":1073},"87":{"loc":{"start":{"line":1098,"column":8},"end":{"line":1100,"column":9}},"type":"if","locations":[{"start":{"line":1098,"column":8},"end":{"line":1100,"column":9}},{"start":{"line":1098,"column":8},"end":{"line":1100,"column":9}}],"line":1098}},"s":{"0":1,"1":0,"2":0,"3":0,"4":0,"5":0,"6":0,"7":0,"8":0,"9":1,"10":0,"11":0,"12":0,"13":0,"14":0,"15":0,"16":1,"17":0,"18":0,"19":0,"20":0,"21":0,"22":0,"23":0,"24":0,"25":0,"26":0,"27":0,"28":0,"29":0,"30":0,"31":0,"32":0,"33":0,"34":0,"35":0,"36":0,"37":0,"38":0,"39":0,"40":0,"41":0,"42":0,"43":0,"44":1,"45":0,"46":0,"47":0,"48":1,"49":1,"50":1,"51":1,"52":1,"53":1,"54":1,"55":0,"56":0,"57":0,"58":0,"59":0,"60":0,"61":0,"62":1,"63":0,"64":0,"65":0,"66":0,"67":0,"68":0,"69":0,"70":0,"71":0,"72":0,"73":0,"74":0,"75":0,"76":0,"77":0,"78":0,"79":0,"80":0,"81":0,"82":0,"83":0,"84":0,"85":0,"86":0,"87":0,"88":0,"89":0,"90":0,"91":0,"92":0,"93":0,"94":0,"95":0,"96":0,"97":0,"98":0,"99":0,"100":0,"101":0,"102":0,"103":0,"104":0,"105":0,"106":0,"107":0,"108":0,"109":0,"110":0,"111":0,"112":0,"113":0,"114":0,"115":0,"116":0,"117":0,"118":0,"119":0,"120":0,"121":0,"122":0,"123":0,"124":0,"125":0,"126":0,"127":0,"128":0,"129":0,"130":0,"131":0,"132":0,"133":0,"134":0,"135":0,"136":0,"137":0,"138":0,"139":1,"140":0,"141":0,"142":0,"143":0,"144":0,"145":0,"146":0,"147":0,"148":1,"149":0,"150":0,"151":0,"152":0,"153":0,"154":0,"155":0,"156":0,"157":1,"158":0,"159":0,"160":0,"161":0,"162":0,"163":0,"164":0,"165":0,"166":0,"167":0,"168":0,"169":0,"170":1,"171":0,"172":0,"173":0,"174":0,"175":0,"176":0,"177":0,"178":0,"179":0,"180":0,"181":0,"182":0,"183":1,"184":0,"185":0,"186":0,"187":0,"188":0,"189":0,"190":0,"191":0,"192":0,"193":0,"194":0,"195":0,"196":1,"197":0,"198":0,"199":0,"200":0,"201":0,"202":0,"203":1,"204":0,"205":0,"206":0,"207":0,"208":0,"209":0,"210":0,"211":0,"212":0,"213":0,"214":0,"215":0,"216":0,"217":0,"218":0,"219":0,"220":0,"221":0,"222":0,"223":0,"224":1,"225":0,"226":0,"227":0,"228":0,"229":1,"230":0,"231":0,"232":0,"233":0,"234":0,"235":1,"236":0,"237":0,"238":0,"239":0,"240":0,"241":0,"242":0,"243":0,"244":0,"245":0,"246":0,"247":0,"248":0,"249":0,"250":0,"251":0,"252":0,"253":0,"254":0,"255":0,"256":0,"257":0,"258":0,"259":0,"260":0,"261":0,"262":0,"263":0,"264":0,"265":0,"266":0,"267":0,"268":0,"269":0,"270":0,"271":0,"272":0,"273":0,"274":0,"275":0,"276":0,"277":0,"278":0,"279":0,"280":0,"281":0,"282":0,"283":0,"284":0,"285":0,"286":0,"287":0,"288":0,"289":0,"290":0,"291":0,"292":0,"293":0,"294":0,"295":0,"296":0,"297":0,"298":0,"299":1,"300":1,"301":1,"302":1,"303":1,"304":1,"305":1,"306":1,"307":1,"308":1,"309":1,"310":1,"311":0,"312":0,"313":0,"314":0,"315":0,"316":0,"317":0,"318":0,"319":0,"320":0,"321":0,"322":0,"323":0,"324":0,"325":1,"326":1,"327":0,"328":0,"329":0,"330":0,"331":0,"332":0,"333":0,"334":0,"335":0,"336":0,"337":0,"338":0,"339":0,"340":0,"341":1,"342":1,"343":0,"344":0,"345":0,"346":0,"347":0,"348":0,"349":0,"350":0,"351":0,"352":0,"353":0,"354":0,"355":0,"356":0,"357":0,"358":0,"359":0,"360":0,"361":0,"362":0,"363":0,"364":0,"365":0,"366":0,"367":2,"368":2,"369":0,"370":0,"371":0,"372":0,"373":0,"374":0,"375":0,"376":0,"377":0,"378":0,"379":0,"380":0,"381":0,"382":0,"383":0,"384":0,"385":0,"386":0,"387":0,"388":0,"389":1,"390":1,"391":0,"392":0,"393":0,"394":0,"395":0,"396":0,"397":0,"398":0,"399":0,"400":0,"401":0,"402":0,"403":0,"404":0,"405":0,"406":0,"407":0,"408":0,"409":0,"410":0,"411":0,"412":1,"413":0,"414":0,"415":0,"416":0,"417":0,"418":0,"419":0,"420":0,"421":0,"422":0,"423":0,"424":1,"425":1,"426":0,"427":0,"428":0,"429":0,"430":0,"431":0,"432":0,"433":0,"434":0,"435":0,"436":0,"437":0,"438":0,"439":0,"440":0,"441":0,"442":0,"443":0},"f":{"0":0,"1":0,"2":0,"3":0,"4":0,"5":1,"6":0,"7":0,"8":0,"9":1,"10":0,"11":0,"12":0,"13":0,"14":0,"15":0,"16":0,"17":0,"18":0,"19":1,"20":1,"21":0,"22":0,"23":0,"24":1,"25":0,"26":0,"27":0,"28":0,"29":0,"30":0,"31":1,"32":1,"33":1,"34":0,"35":1,"36":0,"37":1,"38":0,"39":1,"40":1,"41":0,"42":0,"43":0,"44":0,"45":1,"46":1,"47":0,"48":1,"49":0,"50":0,"51":0,"52":0,"53":0,"54":0,"55":0,"56":1,"57":1,"58":0,"59":0,"60":1,"61":0,"62":0,"63":2,"64":0,"65":0,"66":1,"67":1,"68":0,"69":0,"70":1,"71":0},"b":{"0":[0,0],"1":[0,0],"2":[0,0],"3":[0,0],"4":[0,0],"5":[0,0],"6":[0,0],"7":[0,0],"8":[0,0],"9":[0,0],"10":[0,0],"11":[0,0],"12":[0,0],"13":[0,0],"14":[0,0],"15":[0,0],"16":[0,0],"17":[0,0],"18":[0,0],"19":[0,0],"20":[0,0],"21":[0,0],"22":[0,0],"23":[0,0],"24":[0,0],"25":[0,0],"26":[0,0],"27":[0,0],"28":[0,0],"29":[0,0],"30":[0,0],"31":[0,0],"32":[0,0],"33":[0,0],"34":[0,0],"35":[0,0],"36":[0,0],"37":[0,0],"38":[0,0],"39":[0,0],"40":[0,0],"41":[0,0],"42":[0,0],"43":[0,0],"44":[0,0],"45":[0,0],"46":[0,0],"47":[0,0],"48":[0,0],"49":[0,0,0,0,0,0,0],"50":[0,0],"51":[0,0],"52":[0,0],"53":[0,0],"54":[0,0],"55":[0,0],"56":[0,0],"57":[0,0],"58":[0,0],"59":[0,0],"60":[0,0],"61":[0,0],"62":[0,0],"63":[0,0],"64":[0,0],"65":[0,0],"66":[0,0],"67":[0,0],"68":[0,0],"69":[0,0],"70":[0,0],"71":[0,0],"72":[0,0],"73":[0,0],"74":[0,0],"75":[0,0],"76":[0,0],"77":[0,0],"78":[0,0],"79":[0,0],"80":[0,0],"81":[0,0],"82":[0,0],"83":[0,0],"84":[0,0],"85":[0,0],"86":[0,0],"87":[0,0]},"_coverageSchema":"43e27e138ebf9cfc5966b082cf9a028302ed4184","hash":"57c9bff4141c52e914af0ecf9bee470dad258fb2"}
,"/Users/msd/Desktop/senior project/toast/toast frontend/frontend/frontend/src/utils/action-items-utils.js": {"path":"/Users/msd/Desktop/senior project/toast/toast frontend/frontend/frontend/src/utils/action-items-utils.js","statementMap":{"0":{"start":{"line":2,"column":16},"end":{"line":2,"column":34}},"1":{"start":{"line":3,"column":16},"end":{"line":3,"column":34}},"2":{"start":{"line":5,"column":19},"end":{"line":5,"column":20}},"3":{"start":{"line":6,"column":2},"end":{"line":10,"column":3}},"4":{"start":{"line":7,"column":4},"end":{"line":7,"column":19}},"5":{"start":{"line":8,"column":9},"end":{"line":10,"column":3}},"6":{"start":{"line":9,"column":4},"end":{"line":9,"column":20}},"7":{"start":{"line":11,"column":2},"end":{"line":11,"column":20}},"8":{"start":{"line":15,"column":2},"end":{"line":15,"column":29}}},"fnMap":{"0":{"name":"compare","decl":{"start":{"line":1,"column":16},"end":{"line":1,"column":23}},"loc":{"start":{"line":1,"column":30},"end":{"line":12,"column":1}},"line":1},"1":{"name":"sortItemsBackwards","decl":{"start":{"line":14,"column":16},"end":{"line":14,"column":34}},"loc":{"start":{"line":14,"column":42},"end":{"line":16,"column":1}},"line":14}},"branchMap":{"0":{"loc":{"start":{"line":6,"column":2},"end":{"line":10,"column":3}},"type":"if","locations":[{"start":{"line":6,"column":2},"end":{"line":10,"column":3}},{"start":{"line":6,"column":2},"end":{"line":10,"column":3}}],"line":6},"1":{"loc":{"start":{"line":8,"column":9},"end":{"line":10,"column":3}},"type":"if","locations":[{"start":{"line":8,"column":9},"end":{"line":10,"column":3}},{"start":{"line":8,"column":9},"end":{"line":10,"column":3}}],"line":8}},"s":{"0":8,"1":8,"2":8,"3":8,"4":3,"5":5,"6":5,"7":8,"8":1},"f":{"0":8,"1":1},"b":{"0":[3,5],"1":[5,0]},"_coverageSchema":"43e27e138ebf9cfc5966b082cf9a028302ed4184","hash":"ace2df8178840c42db62de34cbdcd1fc6a4247d4"}
,"/Users/msd/Desktop/senior project/toast/toast frontend/frontend/frontend/src/utils/login-utils.js": {"path":"/Users/msd/Desktop/senior project/toast/toast frontend/frontend/frontend/src/utils/login-utils.js","statementMap":{"0":{"start":{"line":1,"column":21},"end":{"line":37,"column":1}},"1":{"start":{"line":40,"column":20},"end":{"line":42,"column":3}},"2":{"start":{"line":41,"column":14},"end":{"line":41,"column":64}},"3":{"start":{"line":44,"column":2},"end":{"line":44,"column":59}}},"fnMap":{"0":{"name":"lookupUser","decl":{"start":{"line":39,"column":16},"end":{"line":39,"column":26}},"loc":{"start":{"line":39,"column":44},"end":{"line":45,"column":1}},"line":39},"1":{"name":"(anonymous_1)","decl":{"start":{"line":41,"column":4},"end":{"line":41,"column":5}},"loc":{"start":{"line":41,"column":14},"end":{"line":41,"column":64}},"line":41}},"branchMap":{"0":{"loc":{"start":{"line":41,"column":14},"end":{"line":41,"column":64}},"type":"binary-expr","locations":[{"start":{"line":41,"column":14},"end":{"line":41,"column":34}},{"start":{"line":41,"column":38},"end":{"line":41,"column":64}}],"line":41},"1":{"loc":{"start":{"line":44,"column":9},"end":{"line":44,"column":58}},"type":"cond-expr","locations":[{"start":{"line":44,"column":32},"end":{"line":44,"column":51}},{"start":{"line":44,"column":54},"end":{"line":44,"column":58}}],"line":44}},"s":{"0":2,"1":5,"2":35,"3":5},"f":{"0":5,"1":35},"b":{"0":[35,4],"1":[4,1]},"_coverageSchema":"43e27e138ebf9cfc5966b082cf9a028302ed4184","hash":"9ef1dc685e8fca8e50e0f504e0ae953fe41f72d8"}
,"/Users/msd/Desktop/senior project/toast/toast frontend/frontend/frontend/src/utils/plan-utils.js": {"path":"/Users/msd/Desktop/senior project/toast/toast frontend/frontend/frontend/src/utils/plan-utils.js","statementMap":{"0":{"start":{"line":1,"column":32},"end":{"line":1,"column":64}},"1":{"start":{"line":1,"column":43},"end":{"line":1,"column":64}},"2":{"start":{"line":3,"column":35},"end":{"line":4,"column":29}},"3":{"start":{"line":4,"column":2},"end":{"line":4,"column":29}},"4":{"start":{"line":7,"column":2},"end":{"line":7,"column":62}}},"fnMap":{"0":{"name":"(anonymous_0)","decl":{"start":{"line":1,"column":32},"end":{"line":1,"column":33}},"loc":{"start":{"line":1,"column":43},"end":{"line":1,"column":64}},"line":1},"1":{"name":"(anonymous_1)","decl":{"start":{"line":3,"column":35},"end":{"line":3,"column":36}},"loc":{"start":{"line":4,"column":2},"end":{"line":4,"column":29}},"line":4},"2":{"name":"numWithCommas","decl":{"start":{"line":6,"column":16},"end":{"line":6,"column":29}},"loc":{"start":{"line":6,"column":35},"end":{"line":8,"column":1}},"line":6}},"branchMap":{},"s":{"0":2,"1":1,"2":2,"3":1,"4":5},"f":{"0":1,"1":1,"2":5},"b":{},"_coverageSchema":"43e27e138ebf9cfc5966b082cf9a028302ed4184","hash":"18008f8d680928acbd2e5d323797ccb3f9d5a115"}
,"/Users/msd/Desktop/senior project/toast/toast frontend/frontend/frontend/src/utils/search-utils.js": {"path":"/Users/msd/Desktop/senior project/toast/toast frontend/frontend/frontend/src/utils/search-utils.js","statementMap":{"0":{"start":{"line":2,"column":2},"end":{"line":13,"column":5}},"1":{"start":{"line":3,"column":19},"end":{"line":3,"column":122}},"2":{"start":{"line":4,"column":23},"end":{"line":4,"column":91}},"3":{"start":{"line":6,"column":4},"end":{"line":12,"column":6}}},"fnMap":{"0":{"name":"filterClients","decl":{"start":{"line":1,"column":16},"end":{"line":1,"column":29}},"loc":{"start":{"line":1,"column":51},"end":{"line":14,"column":1}},"line":1},"1":{"name":"(anonymous_1)","decl":{"start":{"line":2,"column":24},"end":{"line":2,"column":25}},"loc":{"start":{"line":2,"column":36},"end":{"line":13,"column":3}},"line":2}},"branchMap":{"0":{"loc":{"start":{"line":7,"column":6},"end":{"line":11,"column":53}},"type":"binary-expr","locations":[{"start":{"line":7,"column":6},"end":{"line":7,"column":71}},{"start":{"line":8,"column":6},"end":{"line":8,"column":72}},{"start":{"line":9,"column":6},"end":{"line":9,"column":70}},{"start":{"line":10,"column":6},"end":{"line":10,"column":49}},{"start":{"line":11,"column":6},"end":{"line":11,"column":53}}],"line":7}},"s":{"0":5,"1":20,"2":20,"3":20},"f":{"0":5,"1":20},"b":{"0":[20,19,18,17,16]},"_coverageSchema":"43e27e138ebf9cfc5966b082cf9a028302ed4184","hash":"51be93e1aea3f301e2d6296f5516d70e22f721a6"}
,"/Users/msd/Desktop/senior project/toast/toast frontend/frontend/frontend/src/utils/select-utils.js": {"path":"/Users/msd/Desktop/senior project/toast/toast frontend/frontend/frontend/src/utils/select-utils.js","statementMap":{"0":{"start":{"line":1,"column":27},"end":{"line":9,"column":1}},"1":{"start":{"line":11,"column":28},"end":{"line":62,"column":1}},"2":{"start":{"line":64,"column":28},"end":{"line":70,"column":1}},"3":{"start":{"line":65,"column":16},"end":{"line":65,"column":67}},"4":{"start":{"line":65,"column":47},"end":{"line":65,"column":66}},"5":{"start":{"line":66,"column":2},"end":{"line":68,"column":3}},"6":{"start":{"line":67,"column":4},"end":{"line":67,"column":71}},"7":{"start":{"line":67,"column":42},"end":{"line":67,"column":61}},"8":{"start":{"line":69,"column":2},"end":{"line":69,"column":14}},"9":{"start":{"line":72,"column":30},"end":{"line":72,"column":50}},"10":{"start":{"line":74,"column":37},"end":{"line":74,"column":68}},"11":{"start":{"line":76,"column":35},"end":{"line":87,"column":1}},"12":{"start":{"line":77,"column":2},"end":{"line":79,"column":3}},"13":{"start":{"line":78,"column":4},"end":{"line":78,"column":20}},"14":{"start":{"line":80,"column":17},"end":{"line":80,"column":41}},"15":{"start":{"line":81,"column":25},"end":{"line":81,"column":27}},"16":{"start":{"line":82,"column":2},"end":{"line":84,"column":3}},"17":{"start":{"line":82,"column":15},"end":{"line":82,"column":16}},"18":{"start":{"line":83,"column":4},"end":{"line":83,"column":40}},"19":{"start":{"line":86,"column":2},"end":{"line":86,"column":26}}},"fnMap":{"0":{"name":"(anonymous_0)","decl":{"start":{"line":64,"column":28},"end":{"line":64,"column":29}},"loc":{"start":{"line":64,"column":38},"end":{"line":70,"column":1}},"line":64},"1":{"name":"(anonymous_1)","decl":{"start":{"line":65,"column":36},"end":{"line":65,"column":37}},"loc":{"start":{"line":65,"column":47},"end":{"line":65,"column":66}},"line":65},"2":{"name":"(anonymous_2)","decl":{"start":{"line":67,"column":31},"end":{"line":67,"column":32}},"loc":{"start":{"line":67,"column":42},"end":{"line":67,"column":61}},"line":67},"3":{"name":"(anonymous_3)","decl":{"start":{"line":76,"column":35},"end":{"line":76,"column":36}},"loc":{"start":{"line":76,"column":50},"end":{"line":87,"column":1}},"line":76}},"branchMap":{"0":{"loc":{"start":{"line":66,"column":2},"end":{"line":68,"column":3}},"type":"if","locations":[{"start":{"line":66,"column":2},"end":{"line":68,"column":3}},{"start":{"line":66,"column":2},"end":{"line":68,"column":3}}],"line":66},"1":{"loc":{"start":{"line":77,"column":2},"end":{"line":79,"column":3}},"type":"if","locations":[{"start":{"line":77,"column":2},"end":{"line":79,"column":3}},{"start":{"line":77,"column":2},"end":{"line":79,"column":3}}],"line":77}},"s":{"0":2,"1":2,"2":2,"3":2,"4":100,"5":2,"6":1,"7":50,"8":1,"9":2,"10":2,"11":2,"12":4,"13":2,"14":4,"15":4,"16":4,"17":4,"18":344,"19":4},"f":{"0":2,"1":100,"2":50,"3":4},"b":{"0":[1,1],"1":[2,2]},"_coverageSchema":"43e27e138ebf9cfc5966b082cf9a028302ed4184","hash":"e03a7a0d5ea941e2df23a608d3042e57dc01abea"}
}
