TN:
SF:/Users/msd/Desktop/senior project/toast/toast frontend/frontend/frontend/src/redux/actions.js
FN:2,(anonymous_0)
FN:7,(anonymous_1)
FN:12,(anonymous_2)
FN:16,(anonymous_3)
FN:20,(anonymous_4)
FN:24,(anonymous_5)
FN:28,(anonymous_6)
FN:32,(anonymous_7)
FN:38,(anonymous_8)
FN:42,(anonymous_9)
FN:46,(anonymous_10)
FN:50,(anonymous_11)
FN:55,(anonymous_12)
FN:60,(anonymous_13)
FN:65,(anonymous_14)
FN:70,(anonymous_15)
FN:75,(anonymous_16)
FN:80,(anonymous_17)
FN:85,(anonymous_18)
FN:90,(anonymous_19)
FN:95,(anonymous_20)
FN:100,(anonymous_21)
FN:105,(anonymous_22)
FN:111,(anonymous_23)
FN:116,(anonymous_24)
FN:122,(anonymous_25)
FN:127,(anonymous_26)
FN:132,(anonymous_27)
FN:137,(anonymous_28)
FN:142,(anonymous_29)
FN:147,(anonymous_30)
FN:152,(anonymous_31)
FN:157,(anonymous_32)
FN:162,(anonymous_33)
FN:167,(anonymous_34)
FN:172,(anonymous_35)
FN:178,(anonymous_36)
FN:183,(anonymous_37)
FN:187,(anonymous_38)
FN:193,(anonymous_39)
FN:198,(anonymous_40)
FN:203,(anonymous_41)
FN:208,(anonymous_42)
FN:213,(anonymous_43)
FN:217,(anonymous_44)
FN:224,(anonymous_45)
FN:229,(anonymous_46)
FN:233,(anonymous_47)
FN:237,(anonymous_48)
FNF:49
FNH:7
FNDA:0,(anonymous_0)
FNDA:0,(anonymous_1)
FNDA:0,(anonymous_2)
FNDA:0,(anonymous_3)
FNDA:0,(anonymous_4)
FNDA:0,(anonymous_5)
FNDA:0,(anonymous_6)
FNDA:0,(anonymous_7)
FNDA:0,(anonymous_8)
FNDA:0,(anonymous_9)
FNDA:0,(anonymous_10)
FNDA:0,(anonymous_11)
FNDA:0,(anonymous_12)
FNDA:0,(anonymous_13)
FNDA:0,(anonymous_14)
FNDA:0,(anonymous_15)
FNDA:0,(anonymous_16)
FNDA:2,(anonymous_17)
FNDA:0,(anonymous_18)
FNDA:0,(anonymous_19)
FNDA:0,(anonymous_20)
FNDA:0,(anonymous_21)
FNDA:2,(anonymous_22)
FNDA:0,(anonymous_23)
FNDA:2,(anonymous_24)
FNDA:0,(anonymous_25)
FNDA:0,(anonymous_26)
FNDA:0,(anonymous_27)
FNDA:0,(anonymous_28)
FNDA:0,(anonymous_29)
FNDA:0,(anonymous_30)
FNDA:0,(anonymous_31)
FNDA:2,(anonymous_32)
FNDA:0,(anonymous_33)
FNDA:0,(anonymous_34)
FNDA:2,(anonymous_35)
FNDA:0,(anonymous_36)
FNDA:2,(anonymous_37)
FNDA:0,(anonymous_38)
FNDA:0,(anonymous_39)
FNDA:0,(anonymous_40)
FNDA:0,(anonymous_41)
FNDA:0,(anonymous_42)
FNDA:2,(anonymous_43)
FNDA:0,(anonymous_44)
FNDA:0,(anonymous_45)
FNDA:0,(anonymous_46)
FNDA:0,(anonymous_47)
FNDA:0,(anonymous_48)
DA:2,1
DA:7,1
DA:12,1
DA:16,1
DA:20,1
DA:24,1
DA:28,1
DA:32,1
DA:38,1
DA:42,1
DA:46,1
DA:50,1
DA:55,1
DA:60,1
DA:65,1
DA:70,1
DA:75,1
DA:80,2
DA:85,1
DA:90,1
DA:95,1
DA:100,1
DA:105,2
DA:111,1
DA:116,2
DA:122,1
DA:127,1
DA:132,1
DA:137,1
DA:142,1
DA:147,1
DA:152,1
DA:157,2
DA:162,1
DA:167,1
DA:172,2
DA:178,1
DA:183,2
DA:187,1
DA:193,1
DA:198,1
DA:203,1
DA:208,1
DA:213,2
DA:217,1
DA:224,1
DA:229,1
DA:233,1
DA:237,1
LF:49
LH:49
BRF:0
BRH:0
end_of_record
TN:
SF:/Users/msd/Desktop/senior project/toast/toast frontend/frontend/frontend/src/redux/selectors.js
FN:9,(anonymous_0)
FN:11,(anonymous_1)
FN:13,(anonymous_2)
FN:16,(anonymous_3)
FN:17,(anonymous_4)
FN:19,(anonymous_5)
FN:21,(anonymous_6)
FN:22,(anonymous_7)
FN:25,(anonymous_8)
FN:26,(anonymous_9)
FN:28,(anonymous_10)
FN:33,(anonymous_11)
FN:34,(anonymous_12)
FN:35,(anonymous_13)
FN:36,(anonymous_14)
FN:37,(anonymous_15)
FN:38,(anonymous_16)
FN:39,(anonymous_17)
FN:40,(anonymous_18)
FN:45,(anonymous_19)
FN:49,(anonymous_20)
FN:55,(anonymous_21)
FN:58,(anonymous_22)
FN:60,(anonymous_23)
FN:61,(anonymous_24)
FN:62,(anonymous_25)
FN:64,(anonymous_26)
FN:66,(anonymous_27)
FN:68,(anonymous_28)
FN:69,(anonymous_29)
FN:70,(anonymous_30)
FN:71,(anonymous_31)
FN:73,(anonymous_32)
FN:74,(anonymous_33)
FN:75,(anonymous_34)
FN:78,(anonymous_35)
FN:79,(anonymous_36)
FN:80,(anonymous_37)
FN:83,(anonymous_38)
FN:83,(anonymous_39)
FN:85,(anonymous_40)
FN:88,(anonymous_41)
FN:93,(anonymous_42)
FN:95,(anonymous_43)
FN:98,(anonymous_44)
FN:100,(anonymous_45)
FN:104,(anonymous_46)
FN:106,(anonymous_47)
FN:108,(anonymous_48)
FN:112,(anonymous_49)
FN:114,(anonymous_50)
FN:118,(anonymous_51)
FN:123,(anonymous_52)
FN:125,(anonymous_53)
FN:128,(anonymous_54)
FN:129,(anonymous_55)
FN:131,(anonymous_56)
FN:133,(anonymous_57)
FN:135,(anonymous_58)
FN:136,(anonymous_59)
FN:140,(anonymous_60)
FN:148,(anonymous_61)
FN:149,(anonymous_62)
FN:150,(anonymous_63)
FN:151,(anonymous_64)
FN:152,(anonymous_65)
FN:154,(anonymous_66)
FN:155,(anonymous_67)
FN:156,(anonymous_68)
FNF:69
FNH:0
FNDA:0,(anonymous_0)
FNDA:0,(anonymous_1)
FNDA:0,(anonymous_2)
FNDA:0,(anonymous_3)
FNDA:0,(anonymous_4)
FNDA:0,(anonymous_5)
FNDA:0,(anonymous_6)
FNDA:0,(anonymous_7)
FNDA:0,(anonymous_8)
FNDA:0,(anonymous_9)
FNDA:0,(anonymous_10)
FNDA:0,(anonymous_11)
FNDA:0,(anonymous_12)
FNDA:0,(anonymous_13)
FNDA:0,(anonymous_14)
FNDA:0,(anonymous_15)
FNDA:0,(anonymous_16)
FNDA:0,(anonymous_17)
FNDA:0,(anonymous_18)
FNDA:0,(anonymous_19)
FNDA:0,(anonymous_20)
FNDA:0,(anonymous_21)
FNDA:0,(anonymous_22)
FNDA:0,(anonymous_23)
FNDA:0,(anonymous_24)
FNDA:0,(anonymous_25)
FNDA:0,(anonymous_26)
FNDA:0,(anonymous_27)
FNDA:0,(anonymous_28)
FNDA:0,(anonymous_29)
FNDA:0,(anonymous_30)
FNDA:0,(anonymous_31)
FNDA:0,(anonymous_32)
FNDA:0,(anonymous_33)
FNDA:0,(anonymous_34)
FNDA:0,(anonymous_35)
FNDA:0,(anonymous_36)
FNDA:0,(anonymous_37)
FNDA:0,(anonymous_38)
FNDA:0,(anonymous_39)
FNDA:0,(anonymous_40)
FNDA:0,(anonymous_41)
FNDA:0,(anonymous_42)
FNDA:0,(anonymous_43)
FNDA:0,(anonymous_44)
FNDA:0,(anonymous_45)
FNDA:0,(anonymous_46)
FNDA:0,(anonymous_47)
FNDA:0,(anonymous_48)
FNDA:0,(anonymous_49)
FNDA:0,(anonymous_50)
FNDA:0,(anonymous_51)
FNDA:0,(anonymous_52)
FNDA:0,(anonymous_53)
FNDA:0,(anonymous_54)
FNDA:0,(anonymous_55)
FNDA:0,(anonymous_56)
FNDA:0,(anonymous_57)
FNDA:0,(anonymous_58)
FNDA:0,(anonymous_59)
FNDA:0,(anonymous_60)
FNDA:0,(anonymous_61)
FNDA:0,(anonymous_62)
FNDA:0,(anonymous_63)
FNDA:0,(anonymous_64)
FNDA:0,(anonymous_65)
FNDA:0,(anonymous_66)
FNDA:0,(anonymous_67)
FNDA:0,(anonymous_68)
DA:9,1
DA:10,0
DA:11,1
DA:12,0
DA:13,1
DA:16,1
DA:17,1
DA:18,1
DA:19,1
DA:20,0
DA:21,1
DA:22,1
DA:25,1
DA:26,1
DA:27,0
DA:28,1
DA:33,1
DA:34,1
DA:35,1
DA:36,1
DA:37,1
DA:38,1
DA:39,1
DA:40,1
DA:43,1
DA:45,0
DA:49,1
DA:50,0
DA:51,1
DA:55,1
DA:56,0
DA:58,1
DA:60,1
DA:61,1
DA:62,1
DA:63,0
DA:64,1
DA:65,0
DA:66,1
DA:68,1
DA:69,1
DA:70,1
DA:71,1
DA:72,0
DA:73,1
DA:74,1
DA:75,1
DA:78,1
DA:79,1
DA:80,0
DA:81,1
DA:83,0
DA:85,1
DA:88,1
DA:93,1
DA:94,0
DA:95,1
DA:98,1
DA:99,0
DA:100,1
DA:101,0
DA:102,1
DA:104,0
DA:106,1
DA:107,0
DA:108,1
DA:109,0
DA:112,1
DA:113,0
DA:114,1
DA:115,0
DA:118,1
DA:119,1
DA:123,1
DA:124,0
DA:125,1
DA:128,1
DA:129,1
DA:130,0
DA:131,1
DA:132,0
DA:133,1
DA:134,0
DA:135,1
DA:136,1
DA:137,0
DA:140,1
DA:142,1
DA:148,1
DA:149,1
DA:150,1
DA:151,1
DA:152,1
DA:153,0
DA:154,1
DA:155,1
DA:156,1
DA:157,1
LF:98
LH:72
BRDA:104,0,0,0
BRDA:104,0,1,0
BRDA:104,1,0,0
BRDA:104,1,1,0
BRF:4
BRH:0
end_of_record
TN:
SF:/Users/msd/Desktop/senior project/toast/toast frontend/frontend/frontend/src/redux/effects/index.js
FN:10,fetchCities
FN:11,(anonymous_1)
FN:22,(anonymous_2)
FN:23,(anonymous_3)
FN:24,(anonymous_4)
FN:30,readAPI
FN:39,(anonymous_6)
FN:40,(anonymous_7)
FN:48,(anonymous_8)
FN:53,writeAPI
FN:63,(anonymous_10)
FN:64,(anonymous_11)
FN:72,(anonymous_12)
FN:77,authLoginAdvisor
FN:78,(anonymous_14)
FN:89,(anonymous_15)
FN:100,authLoginClient
FN:101,(anonymous_17)
FN:112,(anonymous_18)
FN:129,fetchAdvisorEmail
FN:138,fetchClientsForce
FN:153,(anonymous_21)
FN:165,fetchClients
FN:166,(anonymous_23)
FN:171,fetchClientMatchedAdvisor
FN:181,fetchAdvisorContact
FN:182,(anonymous_26)
FN:196,fetchClientProfileEmail
FN:197,(anonymous_28)
FN:269,fetchClientProfileId
FN:270,(anonymous_30)
FN:326,fetchExpenses
FN:367,fetchDebt
FN:387,fetchPartners
FN:394,(anonymous_34)
FN:418,fetchChildren
FN:425,(anonymous_36)
FN:448,fetchGoals
FN:455,(anonymous_38)
FN:478,fetchPlan
FN:531,fetchActionItems
FN:538,(anonymous_41)
FN:560,loadingState
FN:570,(anonymous_43)
FN:589,(anonymous_44)
FN:596,fetchPlanId
FN:607,fetchFactors
FN:609,(anonymous_47)
FN:616,saveFactors
FN:618,(anonymous_49)
FN:662,saveFactorsOnStep
FN:665,(anonymous_51)
FN:671,saveClientProfile
FN:674,(anonymous_53)
FN:755,saveActionItemsAdvisor
FN:758,(anonymous_55)
FN:764,saveExpenses
FN:815,saveDebt
FN:842,deletePartner
FN:843,(anonymous_59)
FN:855,savePartners
FN:910,deleteChild
FN:911,(anonymous_62)
FN:923,saveChildren
FN:966,deleteGoal
FN:967,(anonymous_65)
FN:979,saveGoals
FN:1026,savePlan
FN:1047,deleteActionItem
FN:1048,(anonymous_69)
FN:1060,saveActionItems
FN:1110,rootEffect
FNF:72
FNH:22
FNDA:0,fetchCities
FNDA:0,(anonymous_1)
FNDA:0,(anonymous_2)
FNDA:0,(anonymous_3)
FNDA:0,(anonymous_4)
FNDA:1,readAPI
FNDA:0,(anonymous_6)
FNDA:0,(anonymous_7)
FNDA:0,(anonymous_8)
FNDA:1,writeAPI
FNDA:0,(anonymous_10)
FNDA:0,(anonymous_11)
FNDA:0,(anonymous_12)
FNDA:0,authLoginAdvisor
FNDA:0,(anonymous_14)
FNDA:0,(anonymous_15)
FNDA:0,authLoginClient
FNDA:0,(anonymous_17)
FNDA:0,(anonymous_18)
FNDA:1,fetchAdvisorEmail
FNDA:1,fetchClientsForce
FNDA:0,(anonymous_21)
FNDA:0,fetchClients
FNDA:0,(anonymous_23)
FNDA:1,fetchClientMatchedAdvisor
FNDA:0,fetchAdvisorContact
FNDA:0,(anonymous_26)
FNDA:0,fetchClientProfileEmail
FNDA:0,(anonymous_28)
FNDA:0,fetchClientProfileId
FNDA:0,(anonymous_30)
FNDA:1,fetchExpenses
FNDA:1,fetchDebt
FNDA:1,fetchPartners
FNDA:0,(anonymous_34)
FNDA:1,fetchChildren
FNDA:0,(anonymous_36)
FNDA:1,fetchGoals
FNDA:0,(anonymous_38)
FNDA:1,fetchPlan
FNDA:1,fetchActionItems
FNDA:0,(anonymous_41)
FNDA:0,loadingState
FNDA:0,(anonymous_43)
FNDA:0,(anonymous_44)
FNDA:1,fetchPlanId
FNDA:1,fetchFactors
FNDA:0,(anonymous_47)
FNDA:1,saveFactors
FNDA:0,(anonymous_49)
FNDA:0,saveFactorsOnStep
FNDA:0,(anonymous_51)
FNDA:0,saveClientProfile
FNDA:0,(anonymous_53)
FNDA:0,saveActionItemsAdvisor
FNDA:0,(anonymous_55)
FNDA:1,saveExpenses
FNDA:1,saveDebt
FNDA:0,deletePartner
FNDA:0,(anonymous_59)
FNDA:1,savePartners
FNDA:0,deleteChild
FNDA:0,(anonymous_62)
FNDA:2,saveChildren
FNDA:0,deleteGoal
FNDA:0,(anonymous_65)
FNDA:1,saveGoals
FNDA:1,savePlan
FNDA:0,deleteActionItem
FNDA:0,(anonymous_69)
FNDA:1,saveActionItems
FNDA:0,rootEffect
DA:8,1
DA:11,0
DA:12,0
DA:22,0
DA:23,0
DA:24,0
DA:26,0
DA:31,1
DA:32,0
DA:40,0
DA:41,0
DA:42,0
DA:44,0
DA:49,0
DA:54,1
DA:55,0
DA:64,0
DA:65,0
DA:66,0
DA:68,0
DA:73,0
DA:78,0
DA:79,0
DA:89,0
DA:91,0
DA:92,0
DA:93,0
DA:94,0
DA:95,0
DA:96,0
DA:101,0
DA:102,0
DA:112,0
DA:114,0
DA:117,0
DA:118,0
DA:119,0
DA:120,0
DA:121,0
DA:122,0
DA:123,0
DA:125,0
DA:130,1
DA:132,0
DA:133,0
DA:135,0
DA:139,1
DA:140,1
DA:141,1
DA:142,1
DA:143,1
DA:144,1
DA:145,1
DA:147,0
DA:149,0
DA:153,0
DA:154,0
DA:162,0
DA:166,0
DA:167,0
DA:172,1
DA:173,0
DA:174,0
DA:175,0
DA:176,0
DA:178,0
DA:182,0
DA:183,0
DA:184,0
DA:185,0
DA:186,0
DA:187,0
DA:188,0
DA:189,0
DA:190,0
DA:192,0
DA:197,0
DA:198,0
DA:199,0
DA:201,0
DA:202,0
DA:204,0
DA:205,0
DA:206,0
DA:207,0
DA:210,0
DA:211,0
DA:213,0
DA:223,0
DA:232,0
DA:233,0
DA:234,0
DA:236,0
DA:239,0
DA:240,0
DA:241,0
DA:243,0
DA:247,0
DA:248,0
DA:249,0
DA:250,0
DA:251,0
DA:252,0
DA:253,0
DA:255,0
DA:256,0
DA:257,0
DA:259,0
DA:260,0
DA:263,0
DA:264,0
DA:270,0
DA:271,0
DA:275,0
DA:276,0
DA:278,0
DA:279,0
DA:280,0
DA:281,0
DA:283,0
DA:286,0
DA:296,0
DA:301,0
DA:302,0
DA:303,0
DA:305,0
DA:308,0
DA:309,0
DA:310,0
DA:312,0
DA:316,0
DA:317,0
DA:318,0
DA:319,0
DA:320,0
DA:321,0
DA:322,0
DA:327,1
DA:328,0
DA:330,0
DA:331,0
DA:356,0
DA:357,0
DA:358,0
DA:360,0
DA:364,0
DA:368,1
DA:369,0
DA:371,0
DA:372,0
DA:376,0
DA:377,0
DA:378,0
DA:380,0
DA:384,0
DA:388,1
DA:389,0
DA:391,0
DA:393,0
DA:394,0
DA:395,0
DA:404,0
DA:405,0
DA:406,0
DA:407,0
DA:412,0
DA:415,0
DA:419,1
DA:420,0
DA:422,0
DA:424,0
DA:425,0
DA:426,0
DA:434,0
DA:435,0
DA:436,0
DA:437,0
DA:442,0
DA:445,0
DA:449,1
DA:450,0
DA:452,0
DA:454,0
DA:455,0
DA:456,0
DA:464,0
DA:465,0
DA:466,0
DA:467,0
DA:472,0
DA:475,0
DA:479,1
DA:480,0
DA:482,0
DA:483,0
DA:523,0
DA:524,0
DA:528,0
DA:532,1
DA:533,0
DA:535,0
DA:537,0
DA:538,0
DA:539,0
DA:546,0
DA:547,0
DA:548,0
DA:549,0
DA:554,0
DA:557,0
DA:561,0
DA:571,0
DA:572,0
DA:573,0
DA:574,0
DA:579,0
DA:590,0
DA:591,0
DA:597,1
DA:598,0
DA:600,0
DA:601,0
DA:603,0
DA:608,1
DA:609,0
DA:611,0
DA:612,0
DA:617,1
DA:618,0
DA:620,0
DA:621,0
DA:623,0
DA:624,0
DA:627,0
DA:630,0
DA:631,0
DA:634,0
DA:635,0
DA:636,0
DA:637,0
DA:639,0
DA:650,0
DA:651,0
DA:652,0
DA:656,0
DA:659,0
DA:663,0
DA:666,0
DA:672,0
DA:675,0
DA:676,0
DA:677,0
DA:678,0
DA:679,0
DA:680,0
DA:681,0
DA:682,0
DA:683,0
DA:684,0
DA:685,0
DA:686,0
DA:688,0
DA:700,0
DA:701,0
DA:705,0
DA:706,0
DA:710,0
DA:712,0
DA:713,0
DA:717,0
DA:725,0
DA:727,0
DA:728,0
DA:730,0
DA:731,0
DA:732,0
DA:733,0
DA:736,0
DA:738,0
DA:739,0
DA:740,0
DA:741,0
DA:742,0
DA:743,0
DA:744,0
DA:745,0
DA:747,0
DA:756,0
DA:759,0
DA:765,1
DA:766,1
DA:767,1
DA:768,1
DA:769,1
DA:770,1
DA:771,1
DA:772,1
DA:773,1
DA:774,1
DA:775,1
DA:776,1
DA:778,0
DA:793,0
DA:794,0
DA:795,0
DA:796,0
DA:797,0
DA:801,0
DA:802,0
DA:804,0
DA:805,0
DA:806,0
DA:808,0
DA:809,0
DA:810,0
DA:816,1
DA:817,1
DA:819,0
DA:824,0
DA:825,0
DA:826,0
DA:830,0
DA:832,0
DA:833,0
DA:834,0
DA:836,0
DA:837,0
DA:838,0
DA:843,0
DA:844,0
DA:845,0
DA:856,1
DA:857,1
DA:859,0
DA:860,0
DA:861,0
DA:869,0
DA:870,0
DA:874,0
DA:875,0
DA:876,0
DA:880,0
DA:881,0
DA:882,0
DA:885,0
DA:892,0
DA:893,0
DA:897,0
DA:898,0
DA:899,0
DA:903,0
DA:904,0
DA:905,0
DA:911,0
DA:912,0
DA:913,0
DA:924,2
DA:925,2
DA:927,0
DA:928,0
DA:929,0
DA:936,0
DA:937,0
DA:938,0
DA:942,0
DA:943,0
DA:944,0
DA:947,0
DA:953,0
DA:954,0
DA:955,0
DA:959,0
DA:960,0
DA:961,0
DA:967,0
DA:968,0
DA:969,0
DA:980,1
DA:981,1
DA:983,0
DA:984,0
DA:985,0
DA:992,0
DA:993,0
DA:994,0
DA:995,0
DA:996,0
DA:1000,0
DA:1001,0
DA:1002,0
DA:1005,0
DA:1011,0
DA:1012,0
DA:1013,0
DA:1014,0
DA:1015,0
DA:1019,0
DA:1020,0
DA:1021,0
DA:1027,1
DA:1029,0
DA:1033,0
DA:1034,0
DA:1035,0
DA:1039,0
DA:1041,0
DA:1042,0
DA:1043,0
DA:1048,0
DA:1049,0
DA:1050,0
DA:1061,1
DA:1062,1
DA:1064,0
DA:1065,0
DA:1066,0
DA:1072,0
DA:1073,0
DA:1074,0
DA:1078,0
DA:1083,0
DA:1090,0
DA:1092,0
DA:1097,0
DA:1098,0
DA:1099,0
DA:1103,0
DA:1104,0
DA:1105,0
DA:1111,0
LF:430
LH:45
BRDA:41,0,0,0
BRDA:41,0,1,0
BRDA:41,1,0,0
BRDA:41,1,1,0
BRDA:65,2,0,0
BRDA:65,2,1,0
BRDA:65,3,0,0
BRDA:65,3,1,0
BRDA:174,4,0,0
BRDA:174,4,1,0
BRDA:184,5,0,0
BRDA:184,5,1,0
BRDA:204,6,0,0
BRDA:204,6,1,0
BRDA:204,7,0,0
BRDA:204,7,1,0
BRDA:210,8,0,0
BRDA:210,8,1,0
BRDA:233,9,0,0
BRDA:233,9,1,0
BRDA:233,10,0,0
BRDA:233,10,1,0
BRDA:240,11,0,0
BRDA:240,11,1,0
BRDA:240,12,0,0
BRDA:240,12,1,0
BRDA:255,13,0,0
BRDA:255,13,1,0
BRDA:278,14,0,0
BRDA:278,14,1,0
BRDA:278,15,0,0
BRDA:278,15,1,0
BRDA:302,16,0,0
BRDA:302,16,1,0
BRDA:302,17,0,0
BRDA:302,17,1,0
BRDA:309,18,0,0
BRDA:309,18,1,0
BRDA:309,19,0,0
BRDA:309,19,1,0
BRDA:330,20,0,0
BRDA:330,20,1,0
BRDA:357,21,0,0
BRDA:357,21,1,0
BRDA:357,22,0,0
BRDA:357,22,1,0
BRDA:371,23,0,0
BRDA:371,23,1,0
BRDA:377,24,0,0
BRDA:377,24,1,0
BRDA:377,25,0,0
BRDA:377,25,1,0
BRDA:393,26,0,0
BRDA:393,26,1,0
BRDA:406,27,0,0
BRDA:406,27,1,0
BRDA:406,28,0,0
BRDA:406,28,1,0
BRDA:424,29,0,0
BRDA:424,29,1,0
BRDA:436,30,0,0
BRDA:436,30,1,0
BRDA:436,31,0,0
BRDA:436,31,1,0
BRDA:454,32,0,0
BRDA:454,32,1,0
BRDA:466,33,0,0
BRDA:466,33,1,0
BRDA:466,34,0,0
BRDA:466,34,1,0
BRDA:482,35,0,0
BRDA:482,35,1,0
BRDA:537,36,0,0
BRDA:537,36,1,0
BRDA:548,37,0,0
BRDA:548,37,1,0
BRDA:573,38,0,0
BRDA:573,38,1,0
BRDA:600,39,0,0
BRDA:600,39,1,0
BRDA:623,40,0,0
BRDA:623,40,1,0
BRDA:651,41,0,0
BRDA:651,41,1,0
BRDA:676,42,0,0
BRDA:676,42,1,0
BRDA:701,43,0,0
BRDA:701,43,1,0
BRDA:702,44,0,0
BRDA:702,44,1,0
BRDA:706,45,0,0
BRDA:706,45,1,0
BRDA:707,46,0,0
BRDA:707,46,1,0
BRDA:712,47,0,0
BRDA:712,47,1,0
BRDA:717,48,0,0
BRDA:717,48,1,0
BRDA:718,49,0,0
BRDA:718,49,1,0
BRDA:718,49,2,0
BRDA:718,49,3,0
BRDA:718,49,4,0
BRDA:718,49,5,0
BRDA:718,49,6,0
BRDA:727,50,0,0
BRDA:727,50,1,0
BRDA:736,51,0,0
BRDA:736,51,1,0
BRDA:794,52,0,0
BRDA:794,52,1,0
BRDA:794,53,0,0
BRDA:794,53,1,0
BRDA:796,54,0,0
BRDA:796,54,1,0
BRDA:801,55,0,0
BRDA:801,55,1,0
BRDA:804,56,0,0
BRDA:804,56,1,0
BRDA:821,57,0,0
BRDA:821,57,1,0
BRDA:825,58,0,0
BRDA:825,58,1,0
BRDA:832,59,0,0
BRDA:832,59,1,0
BRDA:860,60,0,0
BRDA:860,60,1,0
BRDA:860,61,0,0
BRDA:860,61,1,0
BRDA:870,62,0,0
BRDA:870,62,1,0
BRDA:871,63,0,0
BRDA:871,63,1,0
BRDA:875,64,0,0
BRDA:875,64,1,0
BRDA:880,65,0,0
BRDA:880,65,1,0
BRDA:893,66,0,0
BRDA:893,66,1,0
BRDA:894,67,0,0
BRDA:894,67,1,0
BRDA:898,68,0,0
BRDA:898,68,1,0
BRDA:928,69,0,0
BRDA:928,69,1,0
BRDA:928,70,0,0
BRDA:928,70,1,0
BRDA:937,71,0,0
BRDA:937,71,1,0
BRDA:942,72,0,0
BRDA:942,72,1,0
BRDA:954,73,0,0
BRDA:954,73,1,0
BRDA:984,74,0,0
BRDA:984,74,1,0
BRDA:984,75,0,0
BRDA:984,75,1,0
BRDA:993,76,0,0
BRDA:993,76,1,0
BRDA:993,77,0,0
BRDA:993,77,1,0
BRDA:995,78,0,0
BRDA:995,78,1,0
BRDA:1000,79,0,0
BRDA:1000,79,1,0
BRDA:1012,80,0,0
BRDA:1012,80,1,0
BRDA:1012,81,0,0
BRDA:1012,81,1,0
BRDA:1014,82,0,0
BRDA:1014,82,1,0
BRDA:1034,83,0,0
BRDA:1034,83,1,0
BRDA:1041,84,0,0
BRDA:1041,84,1,0
BRDA:1065,85,0,0
BRDA:1065,85,1,0
BRDA:1073,86,0,0
BRDA:1073,86,1,0
BRDA:1098,87,0,0
BRDA:1098,87,1,0
BRF:181
BRH:0
end_of_record
TN:
SF:/Users/msd/Desktop/senior project/toast/toast frontend/frontend/frontend/src/utils/action-items-utils.js
FN:1,compare
FN:14,sortItemsBackwards
FNF:2
FNH:2
FNDA:8,compare
FNDA:1,sortItemsBackwards
DA:2,8
DA:3,8
DA:5,8
DA:6,8
DA:7,3
DA:8,5
DA:9,5
DA:11,8
DA:15,1
LF:9
LH:9
BRDA:6,0,0,3
BRDA:6,0,1,5
BRDA:8,1,0,5
BRDA:8,1,1,0
BRF:4
BRH:3
end_of_record
TN:
SF:/Users/msd/Desktop/senior project/toast/toast frontend/frontend/frontend/src/utils/login-utils.js
FN:39,lookupUser
FN:41,(anonymous_1)
FNF:2
FNH:2
FNDA:5,lookupUser
FNDA:35,(anonymous_1)
DA:1,2
DA:40,5
DA:41,35
DA:44,5
LF:4
LH:4
BRDA:41,0,0,35
BRDA:41,0,1,4
BRDA:44,1,0,4
BRDA:44,1,1,1
BRF:4
BRH:4
end_of_record
TN:
SF:/Users/msd/Desktop/senior project/toast/toast frontend/frontend/frontend/src/utils/plan-utils.js
FN:1,(anonymous_0)
FN:3,(anonymous_1)
FN:6,numWithCommas
FNF:3
FNH:3
FNDA:1,(anonymous_0)
FNDA:1,(anonymous_1)
FNDA:5,numWithCommas
DA:1,2
DA:3,2
DA:4,1
DA:7,5
LF:4
LH:4
BRF:0
BRH:0
end_of_record
TN:
SF:/Users/msd/Desktop/senior project/toast/toast frontend/frontend/frontend/src/utils/search-utils.js
FN:1,filterClients
FN:2,(anonymous_1)
FNF:2
FNH:2
FNDA:5,filterClients
FNDA:20,(anonymous_1)
DA:2,5
DA:3,20
DA:4,20
DA:6,20
LF:4
LH:4
BRDA:7,0,0,20
BRDA:7,0,1,19
BRDA:7,0,2,18
BRDA:7,0,3,17
BRDA:7,0,4,16
BRF:5
BRH:5
end_of_record
TN:
SF:/Users/msd/Desktop/senior project/toast/toast frontend/frontend/frontend/src/utils/select-utils.js
FN:64,(anonymous_0)
FN:65,(anonymous_1)
FN:67,(anonymous_2)
FN:76,(anonymous_3)
FNF:4
FNH:4
FNDA:2,(anonymous_0)
FNDA:100,(anonymous_1)
FNDA:50,(anonymous_2)
FNDA:4,(anonymous_3)
DA:1,2
DA:11,2
DA:64,2
DA:65,100
DA:66,2
DA:67,50
DA:69,1
DA:72,2
DA:74,2
DA:76,2
DA:77,4
DA:78,2
DA:80,4
DA:81,4
DA:82,4
DA:83,344
DA:86,4
LF:17
LH:17
BRDA:66,0,0,1
BRDA:66,0,1,1
BRDA:77,1,0,2
BRDA:77,1,1,2
BRF:4
BRH:4
end_of_record
